{"/home/syed-imadulla/Desktop/StudyFlow Ai/backend/src/controllers/analytics.controller.js": {"path":"/home/syed-imadulla/Desktop/StudyFlow Ai/backend/src/controllers/analytics.controller.js","statementMap":{"0":{"start":{"line":6,"column":22},"end":{"line":13,"column":4}},"1":{"start":{"line":7,"column":20},"end":{"line":7,"column":67}},"2":{"start":{"line":8,"column":4},"end":{"line":12,"column":7}},"3":{"start":{"line":15,"column":19},"end":{"line":23,"column":4}},"4":{"start":{"line":16,"column":23},"end":{"line":16,"column":32}},"5":{"start":{"line":17,"column":17},"end":{"line":17,"column":69}},"6":{"start":{"line":18,"column":4},"end":{"line":22,"column":7}},"7":{"start":{"line":25,"column":25},"end":{"line":33,"column":4}},"8":{"start":{"line":26,"column":23},"end":{"line":26,"column":32}},"9":{"start":{"line":27,"column":18},"end":{"line":27,"column":76}},"10":{"start":{"line":28,"column":4},"end":{"line":32,"column":7}},"11":{"start":{"line":35,"column":28},"end":{"line":43,"column":4}},"12":{"start":{"line":36,"column":23},"end":{"line":36,"column":32}},"13":{"start":{"line":37,"column":18},"end":{"line":37,"column":79}},"14":{"start":{"line":38,"column":4},"end":{"line":42,"column":7}},"15":{"start":{"line":45,"column":31},"end":{"line":52,"column":4}},"16":{"start":{"line":46,"column":18},"end":{"line":46,"column":74}},"17":{"start":{"line":47,"column":4},"end":{"line":51,"column":7}},"18":{"start":{"line":54,"column":29},"end":{"line":61,"column":4}},"19":{"start":{"line":55,"column":18},"end":{"line":55,"column":72}},"20":{"start":{"line":56,"column":4},"end":{"line":60,"column":7}}},"fnMap":{"0":{"name":"(anonymous_0)","decl":{"start":{"line":6,"column":33},"end":{"line":6,"column":34}},"loc":{"start":{"line":6,"column":53},"end":{"line":13,"column":3}},"line":6},"1":{"name":"(anonymous_1)","decl":{"start":{"line":15,"column":30},"end":{"line":15,"column":31}},"loc":{"start":{"line":15,"column":50},"end":{"line":23,"column":3}},"line":15},"2":{"name":"(anonymous_2)","decl":{"start":{"line":25,"column":36},"end":{"line":25,"column":37}},"loc":{"start":{"line":25,"column":56},"end":{"line":33,"column":3}},"line":25},"3":{"name":"(anonymous_3)","decl":{"start":{"line":35,"column":39},"end":{"line":35,"column":40}},"loc":{"start":{"line":35,"column":59},"end":{"line":43,"column":3}},"line":35},"4":{"name":"(anonymous_4)","decl":{"start":{"line":45,"column":42},"end":{"line":45,"column":43}},"loc":{"start":{"line":45,"column":62},"end":{"line":52,"column":3}},"line":45},"5":{"name":"(anonymous_5)","decl":{"start":{"line":54,"column":40},"end":{"line":54,"column":41}},"loc":{"start":{"line":54,"column":60},"end":{"line":61,"column":3}},"line":54}},"branchMap":{},"s":{"0":1,"1":0,"2":0,"3":1,"4":0,"5":0,"6":0,"7":1,"8":0,"9":0,"10":0,"11":1,"12":0,"13":0,"14":0,"15":1,"16":0,"17":0,"18":1,"19":0,"20":0},"f":{"0":0,"1":0,"2":0,"3":0,"4":0,"5":0},"b":{},"inputSourceMap":null,"_coverageSchema":"1a1c01bbd47fc00a2c39e90264f33305004495a9","hash":"477bdbe8bfe236691a6344c09e96001b018b1072"}
,"/home/syed-imadulla/Desktop/StudyFlow Ai/backend/src/controllers/auth.controller.js": {"path":"/home/syed-imadulla/Desktop/StudyFlow Ai/backend/src/controllers/auth.controller.js","statementMap":{"0":{"start":{"line":9,"column":24},"end":{"line":23,"column":1}},"1":{"start":{"line":10,"column":17},"end":{"line":10,"column":44}},"2":{"start":{"line":11,"column":2},"end":{"line":16,"column":5}},"3":{"start":{"line":17,"column":2},"end":{"line":22,"column":5}},"4":{"start":{"line":28,"column":26},"end":{"line":32,"column":1}},"5":{"start":{"line":29,"column":17},"end":{"line":29,"column":44}},"6":{"start":{"line":30,"column":2},"end":{"line":30,"column":89}},"7":{"start":{"line":31,"column":2},"end":{"line":31,"column":90}},"8":{"start":{"line":40,"column":20},"end":{"line":56,"column":4}},"9":{"start":{"line":41,"column":48},"end":{"line":41,"column":84}},"10":{"start":{"line":42,"column":4},"end":{"line":42,"column":52}},"11":{"start":{"line":44,"column":4},"end":{"line":55,"column":7}},"12":{"start":{"line":63,"column":17},"end":{"line":79,"column":4}},"13":{"start":{"line":64,"column":48},"end":{"line":64,"column":81}},"14":{"start":{"line":65,"column":4},"end":{"line":65,"column":52}},"15":{"start":{"line":67,"column":4},"end":{"line":78,"column":7}},"16":{"start":{"line":86,"column":18},"end":{"line":95,"column":4}},"17":{"start":{"line":87,"column":4},"end":{"line":87,"column":43}},"18":{"start":{"line":88,"column":4},"end":{"line":88,"column":27}},"19":{"start":{"line":90,"column":4},"end":{"line":94,"column":7}},"20":{"start":{"line":102,"column":19},"end":{"line":118,"column":4}},"21":{"start":{"line":103,"column":25},"end":{"line":103,"column":76}},"22":{"start":{"line":104,"column":19},"end":{"line":104,"column":62}},"23":{"start":{"line":105,"column":4},"end":{"line":105,"column":66}},"24":{"start":{"line":107,"column":4},"end":{"line":117,"column":7}},"25":{"start":{"line":125,"column":21},"end":{"line":137,"column":4}},"26":{"start":{"line":126,"column":28},"end":{"line":126,"column":38}},"27":{"start":{"line":127,"column":4},"end":{"line":136,"column":7}},"28":{"start":{"line":144,"column":17},"end":{"line":154,"column":4}},"29":{"start":{"line":145,"column":17},"end":{"line":145,"column":59}},"30":{"start":{"line":147,"column":4},"end":{"line":153,"column":7}},"31":{"start":{"line":161,"column":25},"end":{"line":172,"column":4}},"32":{"start":{"line":162,"column":24},"end":{"line":162,"column":79}},"33":{"start":{"line":164,"column":4},"end":{"line":171,"column":7}}},"fnMap":{"0":{"name":"(anonymous_0)","decl":{"start":{"line":9,"column":24},"end":{"line":9,"column":25}},"loc":{"start":{"line":9,"column":60},"end":{"line":23,"column":1}},"line":9},"1":{"name":"(anonymous_1)","decl":{"start":{"line":28,"column":26},"end":{"line":28,"column":27}},"loc":{"start":{"line":28,"column":35},"end":{"line":32,"column":1}},"line":28},"2":{"name":"(anonymous_2)","decl":{"start":{"line":40,"column":31},"end":{"line":40,"column":32}},"loc":{"start":{"line":40,"column":51},"end":{"line":56,"column":3}},"line":40},"3":{"name":"(anonymous_3)","decl":{"start":{"line":63,"column":28},"end":{"line":63,"column":29}},"loc":{"start":{"line":63,"column":48},"end":{"line":79,"column":3}},"line":63},"4":{"name":"(anonymous_4)","decl":{"start":{"line":86,"column":29},"end":{"line":86,"column":30}},"loc":{"start":{"line":86,"column":49},"end":{"line":95,"column":3}},"line":86},"5":{"name":"(anonymous_5)","decl":{"start":{"line":102,"column":30},"end":{"line":102,"column":31}},"loc":{"start":{"line":102,"column":50},"end":{"line":118,"column":3}},"line":102},"6":{"name":"(anonymous_6)","decl":{"start":{"line":125,"column":32},"end":{"line":125,"column":33}},"loc":{"start":{"line":125,"column":52},"end":{"line":137,"column":3}},"line":125},"7":{"name":"(anonymous_7)","decl":{"start":{"line":144,"column":28},"end":{"line":144,"column":29}},"loc":{"start":{"line":144,"column":48},"end":{"line":154,"column":3}},"line":144},"8":{"name":"(anonymous_8)","decl":{"start":{"line":161,"column":36},"end":{"line":161,"column":37}},"loc":{"start":{"line":161,"column":56},"end":{"line":172,"column":3}},"line":161}},"branchMap":{"0":{"loc":{"start":{"line":103,"column":25},"end":{"line":103,"column":76}},"type":"binary-expr","locations":[{"start":{"line":103,"column":25},"end":{"line":103,"column":47}},{"start":{"line":103,"column":51},"end":{"line":103,"column":76}}],"line":103},"1":{"loc":{"start":{"line":131,"column":12},"end":{"line":131,"column":28}},"type":"binary-expr","locations":[{"start":{"line":131,"column":12},"end":{"line":131,"column":20}},{"start":{"line":131,"column":24},"end":{"line":131,"column":28}}],"line":131},"2":{"loc":{"start":{"line":134,"column":14},"end":{"line":134,"column":30}},"type":"binary-expr","locations":[{"start":{"line":134,"column":14},"end":{"line":134,"column":22}},{"start":{"line":134,"column":26},"end":{"line":134,"column":30}}],"line":134}},"s":{"0":1,"1":0,"2":0,"3":0,"4":1,"5":0,"6":0,"7":0,"8":1,"9":0,"10":0,"11":0,"12":1,"13":0,"14":0,"15":0,"16":1,"17":0,"18":0,"19":0,"20":1,"21":0,"22":0,"23":0,"24":0,"25":1,"26":0,"27":0,"28":1,"29":0,"30":0,"31":1,"32":0,"33":0},"f":{"0":0,"1":0,"2":0,"3":0,"4":0,"5":0,"6":0,"7":0,"8":0},"b":{"0":[0,0],"1":[0,0],"2":[0,0]},"inputSourceMap":null,"_coverageSchema":"1a1c01bbd47fc00a2c39e90264f33305004495a9","hash":"653025aff35a1a8fbc75f56e5af5e075a0af3570"}
,"/home/syed-imadulla/Desktop/StudyFlow Ai/backend/src/controllers/focus.controller.js": {"path":"/home/syed-imadulla/Desktop/StudyFlow Ai/backend/src/controllers/focus.controller.js","statementMap":{"0":{"start":{"line":6,"column":25},"end":{"line":13,"column":4}},"1":{"start":{"line":7,"column":20},"end":{"line":7,"column":76}},"2":{"start":{"line":8,"column":4},"end":{"line":12,"column":7}},"3":{"start":{"line":15,"column":23},"end":{"line":22,"column":4}},"4":{"start":{"line":16,"column":21},"end":{"line":16,"column":76}},"5":{"start":{"line":17,"column":4},"end":{"line":21,"column":7}},"6":{"start":{"line":24,"column":26},"end":{"line":31,"column":4}},"7":{"start":{"line":25,"column":20},"end":{"line":25,"column":82}},"8":{"start":{"line":26,"column":4},"end":{"line":30,"column":7}},"9":{"start":{"line":33,"column":25},"end":{"line":40,"column":4}},"10":{"start":{"line":34,"column":20},"end":{"line":34,"column":91}},"11":{"start":{"line":35,"column":4},"end":{"line":39,"column":7}},"12":{"start":{"line":42,"column":25},"end":{"line":49,"column":4}},"13":{"start":{"line":43,"column":4},"end":{"line":43,"column":66}},"14":{"start":{"line":44,"column":4},"end":{"line":48,"column":7}},"15":{"start":{"line":52,"column":24},"end":{"line":59,"column":4}},"16":{"start":{"line":53,"column":20},"end":{"line":53,"column":75}},"17":{"start":{"line":54,"column":4},"end":{"line":58,"column":7}},"18":{"start":{"line":61,"column":22},"end":{"line":68,"column":4}},"19":{"start":{"line":62,"column":20},"end":{"line":62,"column":88}},"20":{"start":{"line":63,"column":4},"end":{"line":67,"column":7}},"21":{"start":{"line":70,"column":22},"end":{"line":77,"column":4}},"22":{"start":{"line":71,"column":20},"end":{"line":71,"column":74}},"23":{"start":{"line":72,"column":4},"end":{"line":76,"column":7}},"24":{"start":{"line":79,"column":25},"end":{"line":87,"column":4}},"25":{"start":{"line":80,"column":34},"end":{"line":80,"column":43}},"26":{"start":{"line":81,"column":17},"end":{"line":81,"column":88}},"27":{"start":{"line":82,"column":4},"end":{"line":86,"column":7}},"28":{"start":{"line":89,"column":27},"end":{"line":96,"column":4}},"29":{"start":{"line":90,"column":23},"end":{"line":90,"column":71}},"30":{"start":{"line":91,"column":4},"end":{"line":95,"column":7}},"31":{"start":{"line":98,"column":33},"end":{"line":105,"column":4}},"32":{"start":{"line":99,"column":25},"end":{"line":99,"column":79}},"33":{"start":{"line":100,"column":4},"end":{"line":104,"column":7}}},"fnMap":{"0":{"name":"(anonymous_0)","decl":{"start":{"line":6,"column":36},"end":{"line":6,"column":37}},"loc":{"start":{"line":6,"column":56},"end":{"line":13,"column":3}},"line":6},"1":{"name":"(anonymous_1)","decl":{"start":{"line":15,"column":34},"end":{"line":15,"column":35}},"loc":{"start":{"line":15,"column":54},"end":{"line":22,"column":3}},"line":15},"2":{"name":"(anonymous_2)","decl":{"start":{"line":24,"column":37},"end":{"line":24,"column":38}},"loc":{"start":{"line":24,"column":57},"end":{"line":31,"column":3}},"line":24},"3":{"name":"(anonymous_3)","decl":{"start":{"line":33,"column":36},"end":{"line":33,"column":37}},"loc":{"start":{"line":33,"column":56},"end":{"line":40,"column":3}},"line":33},"4":{"name":"(anonymous_4)","decl":{"start":{"line":42,"column":36},"end":{"line":42,"column":37}},"loc":{"start":{"line":42,"column":56},"end":{"line":49,"column":3}},"line":42},"5":{"name":"(anonymous_5)","decl":{"start":{"line":52,"column":35},"end":{"line":52,"column":36}},"loc":{"start":{"line":52,"column":55},"end":{"line":59,"column":3}},"line":52},"6":{"name":"(anonymous_6)","decl":{"start":{"line":61,"column":33},"end":{"line":61,"column":34}},"loc":{"start":{"line":61,"column":53},"end":{"line":68,"column":3}},"line":61},"7":{"name":"(anonymous_7)","decl":{"start":{"line":70,"column":33},"end":{"line":70,"column":34}},"loc":{"start":{"line":70,"column":53},"end":{"line":77,"column":3}},"line":70},"8":{"name":"(anonymous_8)","decl":{"start":{"line":79,"column":36},"end":{"line":79,"column":37}},"loc":{"start":{"line":79,"column":56},"end":{"line":87,"column":3}},"line":79},"9":{"name":"(anonymous_9)","decl":{"start":{"line":89,"column":38},"end":{"line":89,"column":39}},"loc":{"start":{"line":89,"column":58},"end":{"line":96,"column":3}},"line":89},"10":{"name":"(anonymous_10)","decl":{"start":{"line":98,"column":44},"end":{"line":98,"column":45}},"loc":{"start":{"line":98,"column":64},"end":{"line":105,"column":3}},"line":98}},"branchMap":{},"s":{"0":1,"1":0,"2":0,"3":1,"4":0,"5":0,"6":1,"7":0,"8":0,"9":1,"10":0,"11":0,"12":1,"13":0,"14":0,"15":1,"16":0,"17":0,"18":1,"19":0,"20":0,"21":1,"22":0,"23":0,"24":1,"25":0,"26":0,"27":0,"28":1,"29":0,"30":0,"31":1,"32":0,"33":0},"f":{"0":0,"1":0,"2":0,"3":0,"4":0,"5":0,"6":0,"7":0,"8":0,"9":0,"10":0},"b":{},"inputSourceMap":null,"_coverageSchema":"1a1c01bbd47fc00a2c39e90264f33305004495a9","hash":"63e27e8676e86ec211b87fa197d0a7c0c2e7e44c"}
,"/home/syed-imadulla/Desktop/StudyFlow Ai/backend/src/controllers/goal.controller.js": {"path":"/home/syed-imadulla/Desktop/StudyFlow Ai/backend/src/controllers/goal.controller.js","statementMap":{"0":{"start":{"line":6,"column":20},"end":{"line":13,"column":4}},"1":{"start":{"line":7,"column":18},"end":{"line":7,"column":69}},"2":{"start":{"line":8,"column":4},"end":{"line":12,"column":7}},"3":{"start":{"line":15,"column":23},"end":{"line":22,"column":4}},"4":{"start":{"line":16,"column":17},"end":{"line":16,"column":75}},"5":{"start":{"line":17,"column":4},"end":{"line":21,"column":7}},"6":{"start":{"line":24,"column":22},"end":{"line":31,"column":4}},"7":{"start":{"line":25,"column":17},"end":{"line":25,"column":69}},"8":{"start":{"line":26,"column":4},"end":{"line":30,"column":7}},"9":{"start":{"line":33,"column":22},"end":{"line":40,"column":4}},"10":{"start":{"line":34,"column":17},"end":{"line":34,"column":84}},"11":{"start":{"line":35,"column":4},"end":{"line":39,"column":7}},"12":{"start":{"line":42,"column":22},"end":{"line":49,"column":4}},"13":{"start":{"line":43,"column":4},"end":{"line":43,"column":62}},"14":{"start":{"line":44,"column":4},"end":{"line":48,"column":7}},"15":{"start":{"line":51,"column":25},"end":{"line":60,"column":4}},"16":{"start":{"line":52,"column":34},"end":{"line":52,"column":44}},"17":{"start":{"line":53,"column":26},"end":{"line":53,"column":40}},"18":{"start":{"line":54,"column":17},"end":{"line":54,"column":92}},"19":{"start":{"line":55,"column":4},"end":{"line":59,"column":7}},"20":{"start":{"line":62,"column":25},"end":{"line":69,"column":4}},"21":{"start":{"line":63,"column":18},"end":{"line":63,"column":73}},"22":{"start":{"line":64,"column":4},"end":{"line":68,"column":7}}},"fnMap":{"0":{"name":"(anonymous_0)","decl":{"start":{"line":6,"column":31},"end":{"line":6,"column":32}},"loc":{"start":{"line":6,"column":51},"end":{"line":13,"column":3}},"line":6},"1":{"name":"(anonymous_1)","decl":{"start":{"line":15,"column":34},"end":{"line":15,"column":35}},"loc":{"start":{"line":15,"column":54},"end":{"line":22,"column":3}},"line":15},"2":{"name":"(anonymous_2)","decl":{"start":{"line":24,"column":33},"end":{"line":24,"column":34}},"loc":{"start":{"line":24,"column":53},"end":{"line":31,"column":3}},"line":24},"3":{"name":"(anonymous_3)","decl":{"start":{"line":33,"column":33},"end":{"line":33,"column":34}},"loc":{"start":{"line":33,"column":53},"end":{"line":40,"column":3}},"line":33},"4":{"name":"(anonymous_4)","decl":{"start":{"line":42,"column":33},"end":{"line":42,"column":34}},"loc":{"start":{"line":42,"column":53},"end":{"line":49,"column":3}},"line":42},"5":{"name":"(anonymous_5)","decl":{"start":{"line":51,"column":36},"end":{"line":51,"column":37}},"loc":{"start":{"line":51,"column":56},"end":{"line":60,"column":3}},"line":51},"6":{"name":"(anonymous_6)","decl":{"start":{"line":62,"column":36},"end":{"line":62,"column":37}},"loc":{"start":{"line":62,"column":56},"end":{"line":69,"column":3}},"line":62}},"branchMap":{"0":{"loc":{"start":{"line":53,"column":26},"end":{"line":53,"column":40}},"type":"binary-expr","locations":[{"start":{"line":53,"column":26},"end":{"line":53,"column":34}},{"start":{"line":53,"column":38},"end":{"line":53,"column":40}}],"line":53}},"s":{"0":1,"1":0,"2":0,"3":1,"4":1,"5":0,"6":1,"7":0,"8":0,"9":1,"10":0,"11":0,"12":1,"13":0,"14":0,"15":1,"16":0,"17":0,"18":0,"19":0,"20":1,"21":0,"22":0},"f":{"0":0,"1":1,"2":0,"3":0,"4":0,"5":0,"6":0},"b":{"0":[0,0]},"inputSourceMap":null,"_coverageSchema":"1a1c01bbd47fc00a2c39e90264f33305004495a9","hash":"65f6fba675e8ad872c1f4dcf7d4fa61fc61f1c7a"}
,"/home/syed-imadulla/Desktop/StudyFlow Ai/backend/src/controllers/health.controller.js": {"path":"/home/syed-imadulla/Desktop/StudyFlow Ai/backend/src/controllers/health.controller.js","statementMap":{"0":{"start":{"line":8,"column":21},"end":{"line":10,"column":1}},"1":{"start":{"line":9,"column":2},"end":{"line":9,"column":34}},"2":{"start":{"line":17,"column":27},"end":{"line":24,"column":2}},"3":{"start":{"line":18,"column":2},"end":{"line":23,"column":5}}},"fnMap":{"0":{"name":"(anonymous_0)","decl":{"start":{"line":8,"column":21},"end":{"line":8,"column":22}},"loc":{"start":{"line":8,"column":34},"end":{"line":10,"column":1}},"line":8},"1":{"name":"(anonymous_1)","decl":{"start":{"line":17,"column":38},"end":{"line":17,"column":39}},"loc":{"start":{"line":17,"column":58},"end":{"line":24,"column":1}},"line":17}},"branchMap":{},"s":{"0":1,"1":0,"2":1,"3":0},"f":{"0":0,"1":0},"b":{},"inputSourceMap":null,"_coverageSchema":"1a1c01bbd47fc00a2c39e90264f33305004495a9","hash":"49e6219b05e335bec36e831cbd0bb8a128dafcb3"}
,"/home/syed-imadulla/Desktop/StudyFlow Ai/backend/src/controllers/planner.controller.js": {"path":"/home/syed-imadulla/Desktop/StudyFlow Ai/backend/src/controllers/planner.controller.js","statementMap":{"0":{"start":{"line":7,"column":21},"end":{"line":14,"column":4}},"1":{"start":{"line":8,"column":19},"end":{"line":8,"column":74}},"2":{"start":{"line":9,"column":4},"end":{"line":13,"column":7}},"3":{"start":{"line":16,"column":24},"end":{"line":23,"column":4}},"4":{"start":{"line":17,"column":18},"end":{"line":17,"column":80}},"5":{"start":{"line":18,"column":4},"end":{"line":22,"column":7}},"6":{"start":{"line":25,"column":23},"end":{"line":32,"column":4}},"7":{"start":{"line":26,"column":18},"end":{"line":26,"column":74}},"8":{"start":{"line":27,"column":4},"end":{"line":31,"column":7}},"9":{"start":{"line":34,"column":29},"end":{"line":41,"column":4}},"10":{"start":{"line":35,"column":18},"end":{"line":35,"column":80}},"11":{"start":{"line":36,"column":4},"end":{"line":40,"column":7}},"12":{"start":{"line":43,"column":23},"end":{"line":50,"column":4}},"13":{"start":{"line":44,"column":18},"end":{"line":44,"column":89}},"14":{"start":{"line":45,"column":4},"end":{"line":49,"column":7}},"15":{"start":{"line":52,"column":23},"end":{"line":59,"column":4}},"16":{"start":{"line":53,"column":4},"end":{"line":53,"column":77}},"17":{"start":{"line":54,"column":4},"end":{"line":58,"column":7}},"18":{"start":{"line":61,"column":20},"end":{"line":68,"column":4}},"19":{"start":{"line":62,"column":19},"end":{"line":62,"column":68}},"20":{"start":{"line":63,"column":4},"end":{"line":67,"column":7}},"21":{"start":{"line":70,"column":19},"end":{"line":84,"column":4}},"22":{"start":{"line":71,"column":16},"end":{"line":71,"column":26}},"23":{"start":{"line":72,"column":17},"end":{"line":72,"column":34}},"24":{"start":{"line":73,"column":18},"end":{"line":73,"column":32}},"25":{"start":{"line":74,"column":17},"end":{"line":74,"column":30}},"26":{"start":{"line":75,"column":16},"end":{"line":75,"column":28}},"27":{"start":{"line":76,"column":24},"end":{"line":76,"column":76}},"28":{"start":{"line":77,"column":22},"end":{"line":77,"column":86}},"29":{"start":{"line":78,"column":19},"end":{"line":78,"column":122}},"30":{"start":{"line":79,"column":4},"end":{"line":83,"column":7}},"31":{"start":{"line":86,"column":20},"end":{"line":99,"column":4}},"32":{"start":{"line":87,"column":16},"end":{"line":87,"column":26}},"33":{"start":{"line":88,"column":17},"end":{"line":88,"column":34}},"34":{"start":{"line":89,"column":23},"end":{"line":89,"column":37}},"35":{"start":{"line":90,"column":24},"end":{"line":90,"column":80}},"36":{"start":{"line":91,"column":25},"end":{"line":91,"column":73}},"37":{"start":{"line":92,"column":23},"end":{"line":92,"column":89}},"38":{"start":{"line":93,"column":19},"end":{"line":93,"column":124}},"39":{"start":{"line":94,"column":4},"end":{"line":98,"column":7}},"40":{"start":{"line":102,"column":26},"end":{"line":113,"column":4}},"41":{"start":{"line":103,"column":4},"end":{"line":103,"column":146}},"42":{"start":{"line":104,"column":19},"end":{"line":106,"column":57}},"43":{"start":{"line":107,"column":4},"end":{"line":107,"column":165}},"44":{"start":{"line":108,"column":4},"end":{"line":112,"column":7}},"45":{"start":{"line":115,"column":32},"end":{"line":122,"column":4}},"46":{"start":{"line":116,"column":22},"end":{"line":116,"column":77}},"47":{"start":{"line":117,"column":4},"end":{"line":121,"column":7}},"48":{"start":{"line":124,"column":26},"end":{"line":131,"column":4}},"49":{"start":{"line":125,"column":18},"end":{"line":125,"column":67}},"50":{"start":{"line":126,"column":4},"end":{"line":130,"column":7}},"51":{"start":{"line":133,"column":30},"end":{"line":140,"column":4}},"52":{"start":{"line":134,"column":21},"end":{"line":134,"column":74}},"53":{"start":{"line":135,"column":4},"end":{"line":139,"column":7}},"54":{"start":{"line":142,"column":28},"end":{"line":150,"column":4}},"55":{"start":{"line":143,"column":27},"end":{"line":143,"column":36}},"56":{"start":{"line":144,"column":19},"end":{"line":144,"column":82}},"57":{"start":{"line":145,"column":4},"end":{"line":149,"column":7}}},"fnMap":{"0":{"name":"(anonymous_0)","decl":{"start":{"line":7,"column":32},"end":{"line":7,"column":33}},"loc":{"start":{"line":7,"column":52},"end":{"line":14,"column":3}},"line":7},"1":{"name":"(anonymous_1)","decl":{"start":{"line":16,"column":35},"end":{"line":16,"column":36}},"loc":{"start":{"line":16,"column":55},"end":{"line":23,"column":3}},"line":16},"2":{"name":"(anonymous_2)","decl":{"start":{"line":25,"column":34},"end":{"line":25,"column":35}},"loc":{"start":{"line":25,"column":54},"end":{"line":32,"column":3}},"line":25},"3":{"name":"(anonymous_3)","decl":{"start":{"line":34,"column":40},"end":{"line":34,"column":41}},"loc":{"start":{"line":34,"column":60},"end":{"line":41,"column":3}},"line":34},"4":{"name":"(anonymous_4)","decl":{"start":{"line":43,"column":34},"end":{"line":43,"column":35}},"loc":{"start":{"line":43,"column":54},"end":{"line":50,"column":3}},"line":43},"5":{"name":"(anonymous_5)","decl":{"start":{"line":52,"column":34},"end":{"line":52,"column":35}},"loc":{"start":{"line":52,"column":54},"end":{"line":59,"column":3}},"line":52},"6":{"name":"(anonymous_6)","decl":{"start":{"line":61,"column":31},"end":{"line":61,"column":32}},"loc":{"start":{"line":61,"column":51},"end":{"line":68,"column":3}},"line":61},"7":{"name":"(anonymous_7)","decl":{"start":{"line":70,"column":30},"end":{"line":70,"column":31}},"loc":{"start":{"line":70,"column":50},"end":{"line":84,"column":3}},"line":70},"8":{"name":"(anonymous_8)","decl":{"start":{"line":86,"column":31},"end":{"line":86,"column":32}},"loc":{"start":{"line":86,"column":51},"end":{"line":99,"column":3}},"line":86},"9":{"name":"(anonymous_9)","decl":{"start":{"line":102,"column":37},"end":{"line":102,"column":38}},"loc":{"start":{"line":102,"column":57},"end":{"line":113,"column":3}},"line":102},"10":{"name":"(anonymous_10)","decl":{"start":{"line":115,"column":43},"end":{"line":115,"column":44}},"loc":{"start":{"line":115,"column":63},"end":{"line":122,"column":3}},"line":115},"11":{"name":"(anonymous_11)","decl":{"start":{"line":124,"column":37},"end":{"line":124,"column":38}},"loc":{"start":{"line":124,"column":57},"end":{"line":131,"column":3}},"line":124},"12":{"name":"(anonymous_12)","decl":{"start":{"line":133,"column":41},"end":{"line":133,"column":42}},"loc":{"start":{"line":133,"column":61},"end":{"line":140,"column":3}},"line":133},"13":{"name":"(anonymous_13)","decl":{"start":{"line":142,"column":39},"end":{"line":142,"column":40}},"loc":{"start":{"line":142,"column":59},"end":{"line":150,"column":3}},"line":142}},"branchMap":{"0":{"loc":{"start":{"line":104,"column":19},"end":{"line":106,"column":57}},"type":"cond-expr","locations":[{"start":{"line":105,"column":8},"end":{"line":105,"column":75}},{"start":{"line":106,"column":8},"end":{"line":106,"column":57}}],"line":104},"1":{"loc":{"start":{"line":107,"column":32},"end":{"line":107,"column":58}},"type":"cond-expr","locations":[{"start":{"line":107,"column":41},"end":{"line":107,"column":54}},{"start":{"line":107,"column":57},"end":{"line":107,"column":58}}],"line":107}},"s":{"0":1,"1":0,"2":0,"3":1,"4":0,"5":0,"6":1,"7":0,"8":0,"9":1,"10":1,"11":0,"12":1,"13":1,"14":0,"15":1,"16":1,"17":0,"18":1,"19":0,"20":0,"21":1,"22":0,"23":0,"24":0,"25":0,"26":0,"27":0,"28":0,"29":0,"30":0,"31":1,"32":0,"33":0,"34":0,"35":0,"36":0,"37":0,"38":0,"39":0,"40":1,"41":0,"42":0,"43":0,"44":0,"45":1,"46":0,"47":0,"48":1,"49":0,"50":0,"51":1,"52":0,"53":0,"54":1,"55":0,"56":0,"57":0},"f":{"0":0,"1":0,"2":0,"3":1,"4":1,"5":1,"6":0,"7":0,"8":0,"9":0,"10":0,"11":0,"12":0,"13":0},"b":{"0":[0,0],"1":[0,0]},"inputSourceMap":null,"_coverageSchema":"1a1c01bbd47fc00a2c39e90264f33305004495a9","hash":"66ded432463015e262ac55f443fa9732da6a7644"}
,"/home/syed-imadulla/Desktop/StudyFlow Ai/backend/src/controllers/task.controller.js": {"path":"/home/syed-imadulla/Desktop/StudyFlow Ai/backend/src/controllers/task.controller.js","statementMap":{"0":{"start":{"line":6,"column":20},"end":{"line":13,"column":4}},"1":{"start":{"line":7,"column":18},"end":{"line":7,"column":69}},"2":{"start":{"line":8,"column":4},"end":{"line":12,"column":7}},"3":{"start":{"line":15,"column":23},"end":{"line":22,"column":4}},"4":{"start":{"line":16,"column":17},"end":{"line":16,"column":75}},"5":{"start":{"line":17,"column":4},"end":{"line":21,"column":7}},"6":{"start":{"line":24,"column":22},"end":{"line":31,"column":4}},"7":{"start":{"line":25,"column":17},"end":{"line":25,"column":69}},"8":{"start":{"line":26,"column":4},"end":{"line":30,"column":7}},"9":{"start":{"line":33,"column":22},"end":{"line":40,"column":4}},"10":{"start":{"line":34,"column":17},"end":{"line":34,"column":84}},"11":{"start":{"line":35,"column":4},"end":{"line":39,"column":7}},"12":{"start":{"line":42,"column":22},"end":{"line":49,"column":4}},"13":{"start":{"line":43,"column":4},"end":{"line":43,"column":62}},"14":{"start":{"line":44,"column":4},"end":{"line":48,"column":7}}},"fnMap":{"0":{"name":"(anonymous_0)","decl":{"start":{"line":6,"column":31},"end":{"line":6,"column":32}},"loc":{"start":{"line":6,"column":51},"end":{"line":13,"column":3}},"line":6},"1":{"name":"(anonymous_1)","decl":{"start":{"line":15,"column":34},"end":{"line":15,"column":35}},"loc":{"start":{"line":15,"column":54},"end":{"line":22,"column":3}},"line":15},"2":{"name":"(anonymous_2)","decl":{"start":{"line":24,"column":33},"end":{"line":24,"column":34}},"loc":{"start":{"line":24,"column":53},"end":{"line":31,"column":3}},"line":24},"3":{"name":"(anonymous_3)","decl":{"start":{"line":33,"column":33},"end":{"line":33,"column":34}},"loc":{"start":{"line":33,"column":53},"end":{"line":40,"column":3}},"line":33},"4":{"name":"(anonymous_4)","decl":{"start":{"line":42,"column":33},"end":{"line":42,"column":34}},"loc":{"start":{"line":42,"column":53},"end":{"line":49,"column":3}},"line":42}},"branchMap":{},"s":{"0":1,"1":0,"2":0,"3":1,"4":0,"5":0,"6":1,"7":0,"8":0,"9":1,"10":0,"11":0,"12":1,"13":0,"14":0},"f":{"0":0,"1":0,"2":0,"3":0,"4":0},"b":{},"inputSourceMap":null,"_coverageSchema":"1a1c01bbd47fc00a2c39e90264f33305004495a9","hash":"3688c5cea6323a0353fae9c1c9f2bad685c1bfac"}
,"/home/syed-imadulla/Desktop/StudyFlow Ai/backend/src/services/analytics.service.js": {"path":"/home/syed-imadulla/Desktop/StudyFlow Ai/backend/src/services/analytics.service.js","statementMap":{"0":{"start":{"line":11,"column":18},"end":{"line":11,"column":51}},"1":{"start":{"line":12,"column":18},"end":{"line":12,"column":51}},"2":{"start":{"line":13,"column":21},"end":{"line":13,"column":121}},"3":{"start":{"line":15,"column":23},"end":{"line":15,"column":35}},"4":{"start":{"line":16,"column":27},"end":{"line":16,"column":115}},"5":{"start":{"line":16,"column":45},"end":{"line":16,"column":107}},"6":{"start":{"line":18,"column":24},"end":{"line":18,"column":25}},"7":{"start":{"line":19,"column":28},"end":{"line":19,"column":29}},"8":{"start":{"line":20,"column":4},"end":{"line":23,"column":7}},"9":{"start":{"line":21,"column":6},"end":{"line":21,"column":47}},"10":{"start":{"line":22,"column":6},"end":{"line":22,"column":76}},"11":{"start":{"line":22,"column":51},"end":{"line":22,"column":62}},"12":{"start":{"line":25,"column":23},"end":{"line":25,"column":51}},"13":{"start":{"line":26,"column":27},"end":{"line":26,"column":135}},"14":{"start":{"line":26,"column":45},"end":{"line":26,"column":107}},"15":{"start":{"line":28,"column":25},"end":{"line":28,"column":80}},"16":{"start":{"line":28,"column":53},"end":{"line":28,"column":76}},"17":{"start":{"line":29,"column":23},"end":{"line":29,"column":70}},"18":{"start":{"line":32,"column":24},"end":{"line":32,"column":25}},"19":{"start":{"line":33,"column":24},"end":{"line":33,"column":25}},"20":{"start":{"line":34,"column":21},"end":{"line":34,"column":22}},"21":{"start":{"line":35,"column":25},"end":{"line":35,"column":124}},"22":{"start":{"line":35,"column":55},"end":{"line":35,"column":104}},"23":{"start":{"line":37,"column":4},"end":{"line":71,"column":5}},"24":{"start":{"line":38,"column":23},"end":{"line":38,"column":61}},"25":{"start":{"line":39,"column":27},"end":{"line":39,"column":86}},"26":{"start":{"line":41,"column":6},"end":{"line":54,"column":7}},"27":{"start":{"line":42,"column":8},"end":{"line":42,"column":26}},"28":{"start":{"line":43,"column":23},"end":{"line":43,"column":48}},"29":{"start":{"line":44,"column":8},"end":{"line":53,"column":9}},"30":{"start":{"line":44,"column":21},"end":{"line":44,"column":22}},"31":{"start":{"line":45,"column":27},"end":{"line":45,"column":52}},"32":{"start":{"line":46,"column":27},"end":{"line":46,"column":71}},"33":{"start":{"line":47,"column":10},"end":{"line":52,"column":11}},"34":{"start":{"line":48,"column":12},"end":{"line":48,"column":28}},"35":{"start":{"line":49,"column":12},"end":{"line":49,"column":32}},"36":{"start":{"line":51,"column":12},"end":{"line":51,"column":18}},"37":{"start":{"line":57,"column":6},"end":{"line":70,"column":7}},"38":{"start":{"line":58,"column":8},"end":{"line":58,"column":23}},"39":{"start":{"line":59,"column":8},"end":{"line":59,"column":26}},"40":{"start":{"line":60,"column":8},"end":{"line":69,"column":9}},"41":{"start":{"line":60,"column":21},"end":{"line":60,"column":22}},"42":{"start":{"line":61,"column":21},"end":{"line":61,"column":46}},"43":{"start":{"line":62,"column":21},"end":{"line":62,"column":50}},"44":{"start":{"line":63,"column":10},"end":{"line":68,"column":11}},"45":{"start":{"line":64,"column":12},"end":{"line":64,"column":25}},"46":{"start":{"line":65,"column":12},"end":{"line":65,"column":71}},"47":{"start":{"line":65,"column":44},"end":{"line":65,"column":71}},"48":{"start":{"line":67,"column":12},"end":{"line":67,"column":27}},"49":{"start":{"line":73,"column":27},"end":{"line":73,"column":95}},"50":{"start":{"line":75,"column":4},"end":{"line":94,"column":6}},"51":{"start":{"line":101,"column":20},"end":{"line":101,"column":49}},"52":{"start":{"line":102,"column":17},"end":{"line":102,"column":64}},"53":{"start":{"line":103,"column":24},"end":{"line":103,"column":82}},"54":{"start":{"line":105,"column":4},"end":{"line":134,"column":6}},"55":{"start":{"line":141,"column":16},"end":{"line":141,"column":26}},"56":{"start":{"line":142,"column":19},"end":{"line":142,"column":68}},"57":{"start":{"line":143,"column":17},"end":{"line":143,"column":38}},"58":{"start":{"line":145,"column":25},"end":{"line":145,"column":74}},"59":{"start":{"line":146,"column":21},"end":{"line":146,"column":137}},"60":{"start":{"line":148,"column":4},"end":{"line":152,"column":7}},"61":{"start":{"line":149,"column":21},"end":{"line":149,"column":51}},"62":{"start":{"line":150,"column":24},"end":{"line":150,"column":53}},"63":{"start":{"line":151,"column":6},"end":{"line":151,"column":73}},"64":{"start":{"line":154,"column":4},"end":{"line":169,"column":6}},"65":{"start":{"line":176,"column":4},"end":{"line":182,"column":6}},"66":{"start":{"line":189,"column":23},"end":{"line":189,"column":55}},"67":{"start":{"line":190,"column":23},"end":{"line":190,"column":50}},"68":{"start":{"line":191,"column":23},"end":{"line":191,"column":80}},"69":{"start":{"line":191,"column":45},"end":{"line":191,"column":79}},"70":{"start":{"line":193,"column":4},"end":{"line":199,"column":6}},"71":{"start":{"line":206,"column":18},"end":{"line":206,"column":60}},"72":{"start":{"line":207,"column":4},"end":{"line":212,"column":5}},"73":{"start":{"line":208,"column":6},"end":{"line":211,"column":8}},"74":{"start":{"line":214,"column":19},"end":{"line":214,"column":42}},"75":{"start":{"line":214,"column":34},"end":{"line":214,"column":41}},"76":{"start":{"line":215,"column":17},"end":{"line":215,"column":76}},"77":{"start":{"line":215,"column":32},"end":{"line":215,"column":75}},"78":{"start":{"line":216,"column":19},"end":{"line":216,"column":74}},"79":{"start":{"line":218,"column":4},"end":{"line":228,"column":6}}},"fnMap":{"0":{"name":"(anonymous_0)","decl":{"start":{"line":10,"column":2},"end":{"line":10,"column":3}},"loc":{"start":{"line":10,"column":34},"end":{"line":95,"column":3}},"line":10},"1":{"name":"(anonymous_1)","decl":{"start":{"line":16,"column":40},"end":{"line":16,"column":41}},"loc":{"start":{"line":16,"column":45},"end":{"line":16,"column":107}},"line":16},"2":{"name":"(anonymous_2)","decl":{"start":{"line":20,"column":18},"end":{"line":20,"column":19}},"loc":{"start":{"line":20,"column":23},"end":{"line":23,"column":5}},"line":20},"3":{"name":"(anonymous_3)","decl":{"start":{"line":22,"column":46},"end":{"line":22,"column":47}},"loc":{"start":{"line":22,"column":51},"end":{"line":22,"column":62}},"line":22},"4":{"name":"(anonymous_4)","decl":{"start":{"line":26,"column":40},"end":{"line":26,"column":41}},"loc":{"start":{"line":26,"column":45},"end":{"line":26,"column":107}},"line":26},"5":{"name":"(anonymous_5)","decl":{"start":{"line":28,"column":41},"end":{"line":28,"column":42}},"loc":{"start":{"line":28,"column":53},"end":{"line":28,"column":76}},"line":28},"6":{"name":"(anonymous_6)","decl":{"start":{"line":35,"column":50},"end":{"line":35,"column":51}},"loc":{"start":{"line":35,"column":55},"end":{"line":35,"column":104}},"line":35},"7":{"name":"(anonymous_7)","decl":{"start":{"line":100,"column":2},"end":{"line":100,"column":3}},"loc":{"start":{"line":100,"column":49},"end":{"line":135,"column":3}},"line":100},"8":{"name":"(anonymous_8)","decl":{"start":{"line":140,"column":2},"end":{"line":140,"column":3}},"loc":{"start":{"line":140,"column":55},"end":{"line":170,"column":3}},"line":140},"9":{"name":"(anonymous_9)","decl":{"start":{"line":148,"column":21},"end":{"line":148,"column":22}},"loc":{"start":{"line":148,"column":26},"end":{"line":152,"column":5}},"line":148},"10":{"name":"(anonymous_10)","decl":{"start":{"line":175,"column":2},"end":{"line":175,"column":3}},"loc":{"start":{"line":175,"column":59},"end":{"line":183,"column":3}},"line":175},"11":{"name":"(anonymous_11)","decl":{"start":{"line":188,"column":2},"end":{"line":188,"column":3}},"loc":{"start":{"line":188,"column":43},"end":{"line":200,"column":3}},"line":188},"12":{"name":"(anonymous_12)","decl":{"start":{"line":191,"column":38},"end":{"line":191,"column":39}},"loc":{"start":{"line":191,"column":45},"end":{"line":191,"column":79}},"line":191},"13":{"name":"(anonymous_13)","decl":{"start":{"line":205,"column":2},"end":{"line":205,"column":3}},"loc":{"start":{"line":205,"column":41},"end":{"line":229,"column":3}},"line":205},"14":{"name":"(anonymous_14)","decl":{"start":{"line":214,"column":29},"end":{"line":214,"column":30}},"loc":{"start":{"line":214,"column":34},"end":{"line":214,"column":41}},"line":214},"15":{"name":"(anonymous_15)","decl":{"start":{"line":215,"column":27},"end":{"line":215,"column":28}},"loc":{"start":{"line":215,"column":32},"end":{"line":215,"column":75}},"line":215}},"branchMap":{"0":{"loc":{"start":{"line":16,"column":45},"end":{"line":16,"column":107}},"type":"binary-expr","locations":[{"start":{"line":16,"column":45},"end":{"line":16,"column":79}},{"start":{"line":16,"column":83},"end":{"line":16,"column":107}}],"line":16},"1":{"loc":{"start":{"line":21,"column":23},"end":{"line":21,"column":46}},"type":"binary-expr","locations":[{"start":{"line":21,"column":23},"end":{"line":21,"column":41}},{"start":{"line":21,"column":45},"end":{"line":21,"column":46}}],"line":21},"2":{"loc":{"start":{"line":22,"column":27},"end":{"line":22,"column":75}},"type":"binary-expr","locations":[{"start":{"line":22,"column":27},"end":{"line":22,"column":70}},{"start":{"line":22,"column":74},"end":{"line":22,"column":75}}],"line":22},"3":{"loc":{"start":{"line":26,"column":45},"end":{"line":26,"column":107}},"type":"binary-expr","locations":[{"start":{"line":26,"column":45},"end":{"line":26,"column":79}},{"start":{"line":26,"column":83},"end":{"line":26,"column":107}}],"line":26},"4":{"loc":{"start":{"line":28,"column":60},"end":{"line":28,"column":75}},"type":"binary-expr","locations":[{"start":{"line":28,"column":60},"end":{"line":28,"column":70}},{"start":{"line":28,"column":74},"end":{"line":28,"column":75}}],"line":28},"5":{"loc":{"start":{"line":29,"column":23},"end":{"line":29,"column":70}},"type":"binary-expr","locations":[{"start":{"line":29,"column":23},"end":{"line":29,"column":65}},{"start":{"line":29,"column":69},"end":{"line":29,"column":70}}],"line":29},"6":{"loc":{"start":{"line":37,"column":4},"end":{"line":71,"column":5}},"type":"if","locations":[{"start":{"line":37,"column":4},"end":{"line":71,"column":5}},{"start":{},"end":{}}],"line":37},"7":{"loc":{"start":{"line":41,"column":6},"end":{"line":54,"column":7}},"type":"if","locations":[{"start":{"line":41,"column":6},"end":{"line":54,"column":7}},{"start":{},"end":{}}],"line":41},"8":{"loc":{"start":{"line":41,"column":10},"end":{"line":41,"column":74}},"type":"binary-expr","locations":[{"start":{"line":41,"column":10},"end":{"line":41,"column":38}},{"start":{"line":41,"column":42},"end":{"line":41,"column":74}}],"line":41},"9":{"loc":{"start":{"line":47,"column":10},"end":{"line":52,"column":11}},"type":"if","locations":[{"start":{"line":47,"column":10},"end":{"line":52,"column":11}},{"start":{"line":50,"column":17},"end":{"line":52,"column":11}}],"line":47},"10":{"loc":{"start":{"line":57,"column":6},"end":{"line":70,"column":7}},"type":"if","locations":[{"start":{"line":57,"column":6},"end":{"line":70,"column":7}},{"start":{},"end":{}}],"line":57},"11":{"loc":{"start":{"line":63,"column":10},"end":{"line":68,"column":11}},"type":"if","locations":[{"start":{"line":63,"column":10},"end":{"line":68,"column":11}},{"start":{"line":66,"column":17},"end":{"line":68,"column":11}}],"line":63},"12":{"loc":{"start":{"line":65,"column":12},"end":{"line":65,"column":71}},"type":"if","locations":[{"start":{"line":65,"column":12},"end":{"line":65,"column":71}},{"start":{},"end":{}}],"line":65},"13":{"loc":{"start":{"line":73,"column":27},"end":{"line":73,"column":95}},"type":"cond-expr","locations":[{"start":{"line":73,"column":44},"end":{"line":73,"column":91}},{"start":{"line":73,"column":94},"end":{"line":73,"column":95}}],"line":73},"14":{"loc":{"start":{"line":92,"column":24},"end":{"line":92,"column":66}},"type":"cond-expr","locations":[{"start":{"line":92,"column":48},"end":{"line":92,"column":49}},{"start":{"line":92,"column":52},"end":{"line":92,"column":66}}],"line":92},"15":{"loc":{"start":{"line":100,"column":31},"end":{"line":100,"column":47}},"type":"default-arg","locations":[{"start":{"line":100,"column":40},"end":{"line":100,"column":47}}],"line":100},"16":{"loc":{"start":{"line":102,"column":17},"end":{"line":102,"column":64}},"type":"binary-expr","locations":[{"start":{"line":102,"column":17},"end":{"line":102,"column":59}},{"start":{"line":102,"column":63},"end":{"line":102,"column":64}}],"line":102},"17":{"loc":{"start":{"line":111,"column":21},"end":{"line":111,"column":57}},"type":"cond-expr","locations":[{"start":{"line":111,"column":42},"end":{"line":111,"column":43}},{"start":{"line":111,"column":46},"end":{"line":111,"column":57}}],"line":111},"18":{"loc":{"start":{"line":119,"column":16},"end":{"line":119,"column":75}},"type":"cond-expr","locations":[{"start":{"line":119,"column":29},"end":{"line":119,"column":40}},{"start":{"line":119,"column":43},"end":{"line":119,"column":75}}],"line":119},"19":{"loc":{"start":{"line":119,"column":43},"end":{"line":119,"column":75}},"type":"cond-expr","locations":[{"start":{"line":119,"column":56},"end":{"line":119,"column":62}},{"start":{"line":119,"column":65},"end":{"line":119,"column":75}}],"line":119},"20":{"loc":{"start":{"line":140,"column":37},"end":{"line":140,"column":53}},"type":"default-arg","locations":[{"start":{"line":140,"column":46},"end":{"line":140,"column":53}}],"line":140},"21":{"loc":{"start":{"line":150,"column":24},"end":{"line":150,"column":53}},"type":"cond-expr","locations":[{"start":{"line":150,"column":39},"end":{"line":150,"column":40}},{"start":{"line":150,"column":43},"end":{"line":150,"column":53}}],"line":150},"22":{"loc":{"start":{"line":151,"column":38},"end":{"line":151,"column":53}},"type":"binary-expr","locations":[{"start":{"line":151,"column":38},"end":{"line":151,"column":48}},{"start":{"line":151,"column":52},"end":{"line":151,"column":53}}],"line":151},"23":{"loc":{"start":{"line":175,"column":40},"end":{"line":175,"column":57}},"type":"default-arg","locations":[{"start":{"line":175,"column":49},"end":{"line":175,"column":57}}],"line":175},"24":{"loc":{"start":{"line":207,"column":4},"end":{"line":212,"column":5}},"type":"if","locations":[{"start":{"line":207,"column":4},"end":{"line":212,"column":5}},{"start":{},"end":{}}],"line":207},"25":{"loc":{"start":{"line":215,"column":45},"end":{"line":215,"column":74}},"type":"binary-expr","locations":[{"start":{"line":215,"column":45},"end":{"line":215,"column":68}},{"start":{"line":215,"column":72},"end":{"line":215,"column":74}}],"line":215}},"s":{"0":0,"1":0,"2":0,"3":0,"4":0,"5":0,"6":0,"7":0,"8":0,"9":0,"10":0,"11":0,"12":0,"13":0,"14":0,"15":0,"16":0,"17":0,"18":0,"19":0,"20":0,"21":0,"22":0,"23":0,"24":0,"25":0,"26":0,"27":0,"28":0,"29":0,"30":0,"31":0,"32":0,"33":0,"34":0,"35":0,"36":0,"37":0,"38":0,"39":0,"40":0,"41":0,"42":0,"43":0,"44":0,"45":0,"46":0,"47":0,"48":0,"49":0,"50":0,"51":0,"52":0,"53":0,"54":0,"55":0,"56":0,"57":0,"58":0,"59":0,"60":0,"61":0,"62":0,"63":0,"64":0,"65":0,"66":0,"67":0,"68":0,"69":0,"70":0,"71":0,"72":0,"73":0,"74":0,"75":0,"76":0,"77":0,"78":0,"79":0},"f":{"0":0,"1":0,"2":0,"3":0,"4":0,"5":0,"6":0,"7":0,"8":0,"9":0,"10":0,"11":0,"12":0,"13":0,"14":0,"15":0},"b":{"0":[0,0],"1":[0,0],"2":[0,0],"3":[0,0],"4":[0,0],"5":[0,0],"6":[0,0],"7":[0,0],"8":[0,0],"9":[0,0],"10":[0,0],"11":[0,0],"12":[0,0],"13":[0,0],"14":[0,0],"15":[0],"16":[0,0],"17":[0,0],"18":[0,0],"19":[0,0],"20":[0],"21":[0,0],"22":[0,0],"23":[0],"24":[0,0],"25":[0,0]},"inputSourceMap":null,"_coverageSchema":"1a1c01bbd47fc00a2c39e90264f33305004495a9","hash":"adea390f11534e0301cdaf8d3f004a1e6fca9c29"}
,"/home/syed-imadulla/Desktop/StudyFlow Ai/backend/src/services/auth.service.js": {"path":"/home/syed-imadulla/Desktop/StudyFlow Ai/backend/src/services/auth.service.js","statementMap":{"0":{"start":{"line":10,"column":18},"end":{"line":10,"column":84}},"1":{"start":{"line":10,"column":29},"end":{"line":10,"column":84}},"2":{"start":{"line":17,"column":25},"end":{"line":17,"column":82}},"3":{"start":{"line":18,"column":4},"end":{"line":20,"column":5}},"4":{"start":{"line":19,"column":6},"end":{"line":19,"column":122}},"5":{"start":{"line":22,"column":17},"end":{"line":26,"column":6}},"6":{"start":{"line":28,"column":21},"end":{"line":28,"column":43}},"7":{"start":{"line":29,"column":24},"end":{"line":29,"column":74}},"8":{"start":{"line":30,"column":25},"end":{"line":30,"column":65}},"9":{"start":{"line":32,"column":4},"end":{"line":32,"column":48}},"10":{"start":{"line":33,"column":4},"end":{"line":33,"column":51}},"11":{"start":{"line":35,"column":4},"end":{"line":39,"column":6}},"12":{"start":{"line":46,"column":17},"end":{"line":46,"column":94}},"13":{"start":{"line":47,"column":4},"end":{"line":49,"column":5}},"14":{"start":{"line":48,"column":6},"end":{"line":48,"column":118}},"15":{"start":{"line":51,"column":20},"end":{"line":51,"column":56}},"16":{"start":{"line":52,"column":4},"end":{"line":54,"column":5}},"17":{"start":{"line":53,"column":6},"end":{"line":53,"column":118}},"18":{"start":{"line":56,"column":21},"end":{"line":56,"column":43}},"19":{"start":{"line":57,"column":24},"end":{"line":57,"column":74}},"20":{"start":{"line":58,"column":25},"end":{"line":58,"column":65}},"21":{"start":{"line":60,"column":4},"end":{"line":60,"column":48}},"22":{"start":{"line":61,"column":4},"end":{"line":61,"column":51}},"23":{"start":{"line":63,"column":4},"end":{"line":67,"column":6}},"24":{"start":{"line":74,"column":4},"end":{"line":74,"column":74}},"25":{"start":{"line":81,"column":4},"end":{"line":83,"column":5}},"26":{"start":{"line":82,"column":6},"end":{"line":82,"column":104}},"27":{"start":{"line":85,"column":20},"end":{"line":85,"column":52}},"28":{"start":{"line":86,"column":27},"end":{"line":86,"column":50}},"29":{"start":{"line":87,"column":17},"end":{"line":87,"column":72}},"30":{"start":{"line":89,"column":4},"end":{"line":91,"column":5}},"31":{"start":{"line":90,"column":6},"end":{"line":90,"column":121}},"32":{"start":{"line":93,"column":21},"end":{"line":93,"column":43}},"33":{"start":{"line":94,"column":27},"end":{"line":94,"column":77}},"34":{"start":{"line":95,"column":28},"end":{"line":95,"column":68}},"35":{"start":{"line":97,"column":4},"end":{"line":97,"column":51}},"36":{"start":{"line":98,"column":4},"end":{"line":98,"column":51}},"37":{"start":{"line":100,"column":4},"end":{"line":103,"column":6}},"38":{"start":{"line":110,"column":17},"end":{"line":110,"column":44}},"39":{"start":{"line":111,"column":4},"end":{"line":113,"column":5}},"40":{"start":{"line":112,"column":6},"end":{"line":112,"column":97}},"41":{"start":{"line":114,"column":4},"end":{"line":114,"column":16}},"42":{"start":{"line":121,"column":27},"end":{"line":121,"column":29}},"43":{"start":{"line":122,"column":4},"end":{"line":122,"column":61}},"44":{"start":{"line":122,"column":24},"end":{"line":122,"column":61}},"45":{"start":{"line":123,"column":4},"end":{"line":123,"column":67}},"46":{"start":{"line":123,"column":26},"end":{"line":123,"column":67}},"47":{"start":{"line":125,"column":24},"end":{"line":128,"column":6}},"48":{"start":{"line":130,"column":4},"end":{"line":132,"column":5}},"49":{"start":{"line":131,"column":6},"end":{"line":131,"column":97}},"50":{"start":{"line":134,"column":4},"end":{"line":134,"column":23}}},"fnMap":{"0":{"name":"(anonymous_0)","decl":{"start":{"line":10,"column":18},"end":{"line":10,"column":19}},"loc":{"start":{"line":10,"column":29},"end":{"line":10,"column":84}},"line":10},"1":{"name":"(anonymous_1)","decl":{"start":{"line":16,"column":2},"end":{"line":16,"column":3}},"loc":{"start":{"line":16,"column":51},"end":{"line":40,"column":3}},"line":16},"2":{"name":"(anonymous_2)","decl":{"start":{"line":45,"column":2},"end":{"line":45,"column":3}},"loc":{"start":{"line":45,"column":42},"end":{"line":68,"column":3}},"line":45},"3":{"name":"(anonymous_3)","decl":{"start":{"line":73,"column":2},"end":{"line":73,"column":3}},"loc":{"start":{"line":73,"column":30},"end":{"line":75,"column":3}},"line":73},"4":{"name":"(anonymous_4)","decl":{"start":{"line":80,"column":2},"end":{"line":80,"column":3}},"loc":{"start":{"line":80,"column":41},"end":{"line":104,"column":3}},"line":80},"5":{"name":"(anonymous_5)","decl":{"start":{"line":109,"column":2},"end":{"line":109,"column":3}},"loc":{"start":{"line":109,"column":34},"end":{"line":115,"column":3}},"line":109},"6":{"name":"(anonymous_6)","decl":{"start":{"line":120,"column":2},"end":{"line":120,"column":3}},"loc":{"start":{"line":120,"column":48},"end":{"line":135,"column":3}},"line":120}},"branchMap":{"0":{"loc":{"start":{"line":18,"column":4},"end":{"line":20,"column":5}},"type":"if","locations":[{"start":{"line":18,"column":4},"end":{"line":20,"column":5}},{"start":{},"end":{}}],"line":18},"1":{"loc":{"start":{"line":28,"column":21},"end":{"line":28,"column":43}},"type":"binary-expr","locations":[{"start":{"line":28,"column":21},"end":{"line":28,"column":38}},{"start":{"line":28,"column":42},"end":{"line":28,"column":43}}],"line":28},"2":{"loc":{"start":{"line":47,"column":4},"end":{"line":49,"column":5}},"type":"if","locations":[{"start":{"line":47,"column":4},"end":{"line":49,"column":5}},{"start":{},"end":{}}],"line":47},"3":{"loc":{"start":{"line":52,"column":4},"end":{"line":54,"column":5}},"type":"if","locations":[{"start":{"line":52,"column":4},"end":{"line":54,"column":5}},{"start":{},"end":{}}],"line":52},"4":{"loc":{"start":{"line":56,"column":21},"end":{"line":56,"column":43}},"type":"binary-expr","locations":[{"start":{"line":56,"column":21},"end":{"line":56,"column":38}},{"start":{"line":56,"column":42},"end":{"line":56,"column":43}}],"line":56},"5":{"loc":{"start":{"line":81,"column":4},"end":{"line":83,"column":5}},"type":"if","locations":[{"start":{"line":81,"column":4},"end":{"line":83,"column":5}},{"start":{},"end":{}}],"line":81},"6":{"loc":{"start":{"line":89,"column":4},"end":{"line":91,"column":5}},"type":"if","locations":[{"start":{"line":89,"column":4},"end":{"line":91,"column":5}},{"start":{},"end":{}}],"line":89},"7":{"loc":{"start":{"line":89,"column":8},"end":{"line":89,"column":139}},"type":"binary-expr","locations":[{"start":{"line":89,"column":8},"end":{"line":89,"column":13}},{"start":{"line":89,"column":17},"end":{"line":89,"column":53}},{"start":{"line":89,"column":58},"end":{"line":89,"column":92}},{"start":{"line":89,"column":96},"end":{"line":89,"column":138}}],"line":89},"8":{"loc":{"start":{"line":93,"column":21},"end":{"line":93,"column":43}},"type":"binary-expr","locations":[{"start":{"line":93,"column":21},"end":{"line":93,"column":38}},{"start":{"line":93,"column":42},"end":{"line":93,"column":43}}],"line":93},"9":{"loc":{"start":{"line":111,"column":4},"end":{"line":113,"column":5}},"type":"if","locations":[{"start":{"line":111,"column":4},"end":{"line":113,"column":5}},{"start":{},"end":{}}],"line":111},"10":{"loc":{"start":{"line":122,"column":4},"end":{"line":122,"column":61}},"type":"if","locations":[{"start":{"line":122,"column":4},"end":{"line":122,"column":61}},{"start":{},"end":{}}],"line":122},"11":{"loc":{"start":{"line":123,"column":4},"end":{"line":123,"column":67}},"type":"if","locations":[{"start":{"line":123,"column":4},"end":{"line":123,"column":67}},{"start":{},"end":{}}],"line":123},"12":{"loc":{"start":{"line":130,"column":4},"end":{"line":132,"column":5}},"type":"if","locations":[{"start":{"line":130,"column":4},"end":{"line":132,"column":5}},{"start":{},"end":{}}],"line":130}},"s":{"0":1,"1":0,"2":0,"3":0,"4":0,"5":0,"6":0,"7":0,"8":0,"9":0,"10":0,"11":0,"12":0,"13":0,"14":0,"15":0,"16":0,"17":0,"18":0,"19":0,"20":0,"21":0,"22":0,"23":0,"24":0,"25":0,"26":0,"27":0,"28":0,"29":0,"30":0,"31":0,"32":0,"33":0,"34":0,"35":0,"36":0,"37":0,"38":0,"39":0,"40":0,"41":0,"42":0,"43":0,"44":0,"45":0,"46":0,"47":0,"48":0,"49":0,"50":0},"f":{"0":0,"1":0,"2":0,"3":0,"4":0,"5":0,"6":0},"b":{"0":[0,0],"1":[0,0],"2":[0,0],"3":[0,0],"4":[0,0],"5":[0,0],"6":[0,0],"7":[0,0,0,0],"8":[0,0],"9":[0,0],"10":[0,0],"11":[0,0],"12":[0,0]},"inputSourceMap":null,"_coverageSchema":"1a1c01bbd47fc00a2c39e90264f33305004495a9","hash":"5e99d79200d24be0c6144a1ac741899d732dfc88"}
,"/home/syed-imadulla/Desktop/StudyFlow Ai/backend/src/services/focus.service.js": {"path":"/home/syed-imadulla/Desktop/StudyFlow Ai/backend/src/services/focus.service.js","statementMap":{"0":{"start":{"line":11,"column":4},"end":{"line":15,"column":7}},"1":{"start":{"line":22,"column":19},"end":{"line":22,"column":35}},"2":{"start":{"line":24,"column":4},"end":{"line":38,"column":5}},"3":{"start":{"line":25,"column":20},"end":{"line":25,"column":46}},"4":{"start":{"line":26,"column":6},"end":{"line":30,"column":7}},"5":{"start":{"line":27,"column":8},"end":{"line":27,"column":30}},"6":{"start":{"line":29,"column":8},"end":{"line":29,"column":37}},"7":{"start":{"line":31,"column":11},"end":{"line":38,"column":5}},"8":{"start":{"line":32,"column":26},"end":{"line":32,"column":80}},"9":{"start":{"line":33,"column":6},"end":{"line":37,"column":7}},"10":{"start":{"line":34,"column":8},"end":{"line":34,"column":55}},"11":{"start":{"line":36,"column":8},"end":{"line":36,"column":64}},"12":{"start":{"line":40,"column":4},"end":{"line":40,"column":51}},"13":{"start":{"line":40,"column":22},"end":{"line":40,"column":51}},"14":{"start":{"line":41,"column":4},"end":{"line":41,"column":51}},"15":{"start":{"line":41,"column":22},"end":{"line":41,"column":51}},"16":{"start":{"line":43,"column":4},"end":{"line":50,"column":5}},"17":{"start":{"line":44,"column":20},"end":{"line":44,"column":44}},"18":{"start":{"line":45,"column":6},"end":{"line":49,"column":7}},"19":{"start":{"line":46,"column":8},"end":{"line":46,"column":28}},"20":{"start":{"line":48,"column":8},"end":{"line":48,"column":33}},"21":{"start":{"line":52,"column":17},"end":{"line":52,"column":43}},"22":{"start":{"line":53,"column":17},"end":{"line":53,"column":46}},"23":{"start":{"line":54,"column":18},"end":{"line":54,"column":49}},"24":{"start":{"line":55,"column":17},"end":{"line":55,"column":35}},"25":{"start":{"line":57,"column":4},"end":{"line":57,"column":72}},"26":{"start":{"line":64,"column":20},"end":{"line":64,"column":80}},"27":{"start":{"line":65,"column":4},"end":{"line":67,"column":5}},"28":{"start":{"line":66,"column":6},"end":{"line":66,"column":112}},"29":{"start":{"line":68,"column":4},"end":{"line":68,"column":19}},"30":{"start":{"line":75,"column":20},"end":{"line":79,"column":5}},"31":{"start":{"line":80,"column":4},"end":{"line":82,"column":5}},"32":{"start":{"line":81,"column":6},"end":{"line":81,"column":112}},"33":{"start":{"line":83,"column":4},"end":{"line":83,"column":19}},"34":{"start":{"line":90,"column":19},"end":{"line":90,"column":88}},"35":{"start":{"line":91,"column":4},"end":{"line":93,"column":5}},"36":{"start":{"line":92,"column":6},"end":{"line":92,"column":112}},"37":{"start":{"line":98,"column":4},"end":{"line":98,"column":47}},"38":{"start":{"line":102,"column":20},"end":{"line":102,"column":80}},"39":{"start":{"line":103,"column":4},"end":{"line":105,"column":5}},"40":{"start":{"line":104,"column":6},"end":{"line":104,"column":112}},"41":{"start":{"line":107,"column":4},"end":{"line":107,"column":33}},"42":{"start":{"line":108,"column":4},"end":{"line":108,"column":72}},"43":{"start":{"line":108,"column":38},"end":{"line":108,"column":72}},"44":{"start":{"line":109,"column":4},"end":{"line":109,"column":87}},"45":{"start":{"line":109,"column":43},"end":{"line":109,"column":87}},"46":{"start":{"line":110,"column":4},"end":{"line":110,"column":78}},"47":{"start":{"line":110,"column":40},"end":{"line":110,"column":78}},"48":{"start":{"line":111,"column":4},"end":{"line":111,"column":63}},"49":{"start":{"line":111,"column":35},"end":{"line":111,"column":63}},"50":{"start":{"line":112,"column":4},"end":{"line":112,"column":52}},"51":{"start":{"line":114,"column":4},"end":{"line":114,"column":25}},"52":{"start":{"line":115,"column":4},"end":{"line":115,"column":19}},"53":{"start":{"line":119,"column":4},"end":{"line":119,"column":43}},"54":{"start":{"line":126,"column":18},"end":{"line":126,"column":88}},"55":{"start":{"line":127,"column":4},"end":{"line":127,"column":40}},"56":{"start":{"line":127,"column":28},"end":{"line":127,"column":40}},"57":{"start":{"line":129,"column":21},"end":{"line":129,"column":95}},"58":{"start":{"line":129,"column":51},"end":{"line":129,"column":83}},"59":{"start":{"line":130,"column":4},"end":{"line":130,"column":43}},"60":{"start":{"line":130,"column":21},"end":{"line":130,"column":43}},"61":{"start":{"line":132,"column":20},"end":{"line":132,"column":121}},"62":{"start":{"line":132,"column":108},"end":{"line":132,"column":120}},"63":{"start":{"line":133,"column":4},"end":{"line":133,"column":55}},"64":{"start":{"line":133,"column":20},"end":{"line":133,"column":55}},"65":{"start":{"line":134,"column":4},"end":{"line":134,"column":32}},"66":{"start":{"line":134,"column":20},"end":{"line":134,"column":32}},"67":{"start":{"line":136,"column":4},"end":{"line":147,"column":6}},"68":{"start":{"line":154,"column":21},"end":{"line":154,"column":131}},"69":{"start":{"line":155,"column":18},"end":{"line":155,"column":33}},"70":{"start":{"line":156,"column":4},"end":{"line":158,"column":5}},"71":{"start":{"line":157,"column":6},"end":{"line":157,"column":124}},"72":{"start":{"line":159,"column":21},"end":{"line":159,"column":76}},"73":{"start":{"line":159,"column":49},"end":{"line":159,"column":72}},"74":{"start":{"line":160,"column":19},"end":{"line":160,"column":54}},"75":{"start":{"line":161,"column":4},"end":{"line":163,"column":6}},"76":{"start":{"line":170,"column":16},"end":{"line":170,"column":26}},"77":{"start":{"line":171,"column":25},"end":{"line":171,"column":74}},"78":{"start":{"line":172,"column":21},"end":{"line":172,"column":97}},"79":{"start":{"line":175,"column":22},"end":{"line":175,"column":43}},"80":{"start":{"line":176,"column":4},"end":{"line":179,"column":7}},"81":{"start":{"line":177,"column":21},"end":{"line":177,"column":51}},"82":{"start":{"line":178,"column":6},"end":{"line":178,"column":55}},"83":{"start":{"line":182,"column":19},"end":{"line":190,"column":5}},"84":{"start":{"line":192,"column":23},"end":{"line":192,"column":35}},"85":{"start":{"line":193,"column":22},"end":{"line":193,"column":59}},"86":{"start":{"line":195,"column":4},"end":{"line":199,"column":6}}},"fnMap":{"0":{"name":"(anonymous_0)","decl":{"start":{"line":10,"column":2},"end":{"line":10,"column":3}},"loc":{"start":{"line":10,"column":46},"end":{"line":16,"column":3}},"line":10},"1":{"name":"(anonymous_1)","decl":{"start":{"line":21,"column":2},"end":{"line":21,"column":3}},"loc":{"start":{"line":21,"column":47},"end":{"line":58,"column":3}},"line":21},"2":{"name":"(anonymous_2)","decl":{"start":{"line":63,"column":2},"end":{"line":63,"column":3}},"loc":{"start":{"line":63,"column":49},"end":{"line":69,"column":3}},"line":63},"3":{"name":"(anonymous_3)","decl":{"start":{"line":74,"column":2},"end":{"line":74,"column":3}},"loc":{"start":{"line":74,"column":60},"end":{"line":84,"column":3}},"line":74},"4":{"name":"(anonymous_4)","decl":{"start":{"line":89,"column":2},"end":{"line":89,"column":3}},"loc":{"start":{"line":89,"column":48},"end":{"line":94,"column":3}},"line":89},"5":{"name":"(anonymous_5)","decl":{"start":{"line":97,"column":2},"end":{"line":97,"column":3}},"loc":{"start":{"line":97,"column":45},"end":{"line":99,"column":3}},"line":97},"6":{"name":"(anonymous_6)","decl":{"start":{"line":101,"column":2},"end":{"line":101,"column":3}},"loc":{"start":{"line":101,"column":57},"end":{"line":116,"column":3}},"line":101},"7":{"name":"(anonymous_7)","decl":{"start":{"line":118,"column":2},"end":{"line":118,"column":3}},"loc":{"start":{"line":118,"column":46},"end":{"line":120,"column":3}},"line":118},"8":{"name":"(anonymous_8)","decl":{"start":{"line":125,"column":2},"end":{"line":125,"column":3}},"loc":{"start":{"line":125,"column":72},"end":{"line":148,"column":3}},"line":125},"9":{"name":"(anonymous_9)","decl":{"start":{"line":129,"column":46},"end":{"line":129,"column":47}},"loc":{"start":{"line":129,"column":51},"end":{"line":129,"column":83}},"line":129},"10":{"name":"(anonymous_10)","decl":{"start":{"line":132,"column":103},"end":{"line":132,"column":104}},"loc":{"start":{"line":132,"column":108},"end":{"line":132,"column":120}},"line":132},"11":{"name":"(anonymous_11)","decl":{"start":{"line":153,"column":2},"end":{"line":153,"column":3}},"loc":{"start":{"line":153,"column":39},"end":{"line":164,"column":3}},"line":153},"12":{"name":"(anonymous_12)","decl":{"start":{"line":159,"column":37},"end":{"line":159,"column":38}},"loc":{"start":{"line":159,"column":49},"end":{"line":159,"column":72}},"line":159},"13":{"name":"(anonymous_13)","decl":{"start":{"line":169,"column":2},"end":{"line":169,"column":3}},"loc":{"start":{"line":169,"column":45},"end":{"line":200,"column":3}},"line":169},"14":{"name":"(anonymous_14)","decl":{"start":{"line":176,"column":21},"end":{"line":176,"column":22}},"loc":{"start":{"line":176,"column":26},"end":{"line":179,"column":5}},"line":176}},"branchMap":{"0":{"loc":{"start":{"line":14,"column":17},"end":{"line":14,"column":77}},"type":"cond-expr","locations":[{"start":{"line":14,"column":37},"end":{"line":14,"column":64}},{"start":{"line":14,"column":67},"end":{"line":14,"column":77}}],"line":14},"1":{"loc":{"start":{"line":21,"column":35},"end":{"line":21,"column":45}},"type":"default-arg","locations":[{"start":{"line":21,"column":43},"end":{"line":21,"column":45}}],"line":21},"2":{"loc":{"start":{"line":24,"column":4},"end":{"line":38,"column":5}},"type":"if","locations":[{"start":{"line":24,"column":4},"end":{"line":38,"column":5}},{"start":{"line":31,"column":11},"end":{"line":38,"column":5}}],"line":24},"3":{"loc":{"start":{"line":24,"column":8},"end":{"line":24,"column":56}},"type":"binary-expr","locations":[{"start":{"line":24,"column":8},"end":{"line":24,"column":20}},{"start":{"line":24,"column":24},"end":{"line":24,"column":56}}],"line":24},"4":{"loc":{"start":{"line":26,"column":6},"end":{"line":30,"column":7}},"type":"if","locations":[{"start":{"line":26,"column":6},"end":{"line":30,"column":7}},{"start":{"line":28,"column":13},"end":{"line":30,"column":7}}],"line":26},"5":{"loc":{"start":{"line":31,"column":11},"end":{"line":38,"column":5}},"type":"if","locations":[{"start":{"line":31,"column":11},"end":{"line":38,"column":5}},{"start":{},"end":{}}],"line":31},"6":{"loc":{"start":{"line":32,"column":26},"end":{"line":32,"column":80}},"type":"binary-expr","locations":[{"start":{"line":32,"column":26},"end":{"line":32,"column":52}},{"start":{"line":32,"column":56},"end":{"line":32,"column":80}}],"line":32},"7":{"loc":{"start":{"line":33,"column":6},"end":{"line":37,"column":7}},"type":"if","locations":[{"start":{"line":33,"column":6},"end":{"line":37,"column":7}},{"start":{"line":35,"column":13},"end":{"line":37,"column":7}}],"line":33},"8":{"loc":{"start":{"line":40,"column":4},"end":{"line":40,"column":51}},"type":"if","locations":[{"start":{"line":40,"column":4},"end":{"line":40,"column":51}},{"start":{},"end":{}}],"line":40},"9":{"loc":{"start":{"line":41,"column":4},"end":{"line":41,"column":51}},"type":"if","locations":[{"start":{"line":41,"column":4},"end":{"line":41,"column":51}},{"start":{},"end":{}}],"line":41},"10":{"loc":{"start":{"line":43,"column":4},"end":{"line":50,"column":5}},"type":"if","locations":[{"start":{"line":43,"column":4},"end":{"line":50,"column":5}},{"start":{},"end":{}}],"line":43},"11":{"loc":{"start":{"line":43,"column":8},"end":{"line":43,"column":52}},"type":"binary-expr","locations":[{"start":{"line":43,"column":8},"end":{"line":43,"column":18}},{"start":{"line":43,"column":22},"end":{"line":43,"column":52}}],"line":43},"12":{"loc":{"start":{"line":45,"column":6},"end":{"line":49,"column":7}},"type":"if","locations":[{"start":{"line":45,"column":6},"end":{"line":49,"column":7}},{"start":{"line":47,"column":13},"end":{"line":49,"column":7}}],"line":45},"13":{"loc":{"start":{"line":52,"column":17},"end":{"line":52,"column":43}},"type":"binary-expr","locations":[{"start":{"line":52,"column":17},"end":{"line":52,"column":27}},{"start":{"line":52,"column":31},"end":{"line":52,"column":43}}],"line":52},"14":{"loc":{"start":{"line":53,"column":17},"end":{"line":53,"column":46}},"type":"binary-expr","locations":[{"start":{"line":53,"column":17},"end":{"line":53,"column":41}},{"start":{"line":53,"column":45},"end":{"line":53,"column":46}}],"line":53},"15":{"loc":{"start":{"line":54,"column":18},"end":{"line":54,"column":49}},"type":"binary-expr","locations":[{"start":{"line":54,"column":18},"end":{"line":54,"column":43}},{"start":{"line":54,"column":47},"end":{"line":54,"column":49}}],"line":54},"16":{"loc":{"start":{"line":65,"column":4},"end":{"line":67,"column":5}},"type":"if","locations":[{"start":{"line":65,"column":4},"end":{"line":67,"column":5}},{"start":{},"end":{}}],"line":65},"17":{"loc":{"start":{"line":74,"column":48},"end":{"line":74,"column":58}},"type":"default-arg","locations":[{"start":{"line":74,"column":56},"end":{"line":74,"column":58}}],"line":74},"18":{"loc":{"start":{"line":80,"column":4},"end":{"line":82,"column":5}},"type":"if","locations":[{"start":{"line":80,"column":4},"end":{"line":82,"column":5}},{"start":{},"end":{}}],"line":80},"19":{"loc":{"start":{"line":91,"column":4},"end":{"line":93,"column":5}},"type":"if","locations":[{"start":{"line":91,"column":4},"end":{"line":93,"column":5}},{"start":{},"end":{}}],"line":91},"20":{"loc":{"start":{"line":101,"column":45},"end":{"line":101,"column":55}},"type":"default-arg","locations":[{"start":{"line":101,"column":53},"end":{"line":101,"column":55}}],"line":101},"21":{"loc":{"start":{"line":103,"column":4},"end":{"line":105,"column":5}},"type":"if","locations":[{"start":{"line":103,"column":4},"end":{"line":105,"column":5}},{"start":{},"end":{}}],"line":103},"22":{"loc":{"start":{"line":108,"column":4},"end":{"line":108,"column":72}},"type":"if","locations":[{"start":{"line":108,"column":4},"end":{"line":108,"column":72}},{"start":{},"end":{}}],"line":108},"23":{"loc":{"start":{"line":109,"column":4},"end":{"line":109,"column":87}},"type":"if","locations":[{"start":{"line":109,"column":4},"end":{"line":109,"column":87}},{"start":{},"end":{}}],"line":109},"24":{"loc":{"start":{"line":110,"column":4},"end":{"line":110,"column":78}},"type":"if","locations":[{"start":{"line":110,"column":4},"end":{"line":110,"column":78}},{"start":{},"end":{}}],"line":110},"25":{"loc":{"start":{"line":111,"column":4},"end":{"line":111,"column":63}},"type":"if","locations":[{"start":{"line":111,"column":4},"end":{"line":111,"column":63}},{"start":{},"end":{}}],"line":111},"26":{"loc":{"start":{"line":118,"column":34},"end":{"line":118,"column":44}},"type":"default-arg","locations":[{"start":{"line":118,"column":42},"end":{"line":118,"column":44}}],"line":118},"27":{"loc":{"start":{"line":127,"column":4},"end":{"line":127,"column":40}},"type":"if","locations":[{"start":{"line":127,"column":4},"end":{"line":127,"column":40}},{"start":{},"end":{}}],"line":127},"28":{"loc":{"start":{"line":129,"column":21},"end":{"line":129,"column":95}},"type":"cond-expr","locations":[{"start":{"line":129,"column":35},"end":{"line":129,"column":84}},{"start":{"line":129,"column":87},"end":{"line":129,"column":95}}],"line":129},"29":{"loc":{"start":{"line":130,"column":4},"end":{"line":130,"column":43}},"type":"if","locations":[{"start":{"line":130,"column":4},"end":{"line":130,"column":43}},{"start":{},"end":{}}],"line":130},"30":{"loc":{"start":{"line":132,"column":20},"end":{"line":132,"column":121}},"type":"cond-expr","locations":[{"start":{"line":132,"column":37},"end":{"line":132,"column":75}},{"start":{"line":132,"column":78},"end":{"line":132,"column":121}}],"line":132},"31":{"loc":{"start":{"line":133,"column":4},"end":{"line":133,"column":55}},"type":"if","locations":[{"start":{"line":133,"column":4},"end":{"line":133,"column":55}},{"start":{},"end":{}}],"line":133},"32":{"loc":{"start":{"line":134,"column":4},"end":{"line":134,"column":32}},"type":"if","locations":[{"start":{"line":134,"column":4},"end":{"line":134,"column":32}},{"start":{},"end":{}}],"line":134},"33":{"loc":{"start":{"line":140,"column":17},"end":{"line":140,"column":52}},"type":"binary-expr","locations":[{"start":{"line":140,"column":17},"end":{"line":140,"column":35}},{"start":{"line":140,"column":39},"end":{"line":140,"column":52}}],"line":140},"34":{"loc":{"start":{"line":141,"column":15},"end":{"line":141,"column":45}},"type":"binary-expr","locations":[{"start":{"line":141,"column":15},"end":{"line":141,"column":33}},{"start":{"line":141,"column":37},"end":{"line":141,"column":45}}],"line":141},"35":{"loc":{"start":{"line":156,"column":4},"end":{"line":158,"column":5}},"type":"if","locations":[{"start":{"line":156,"column":4},"end":{"line":158,"column":5}},{"start":{},"end":{}}],"line":156},"36":{"loc":{"start":{"line":159,"column":56},"end":{"line":159,"column":71}},"type":"binary-expr","locations":[{"start":{"line":159,"column":56},"end":{"line":159,"column":66}},{"start":{"line":159,"column":70},"end":{"line":159,"column":71}}],"line":159},"37":{"loc":{"start":{"line":162,"column":71},"end":{"line":162,"column":83}},"type":"binary-expr","locations":[{"start":{"line":162,"column":71},"end":{"line":162,"column":77}},{"start":{"line":162,"column":81},"end":{"line":162,"column":83}}],"line":162},"38":{"loc":{"start":{"line":178,"column":28},"end":{"line":178,"column":48}},"type":"binary-expr","locations":[{"start":{"line":178,"column":28},"end":{"line":178,"column":43}},{"start":{"line":178,"column":47},"end":{"line":178,"column":48}}],"line":178},"39":{"loc":{"start":{"line":183,"column":20},"end":{"line":183,"column":38}},"type":"binary-expr","locations":[{"start":{"line":183,"column":20},"end":{"line":183,"column":32}},{"start":{"line":183,"column":36},"end":{"line":183,"column":38}}],"line":183},"40":{"loc":{"start":{"line":184,"column":20},"end":{"line":184,"column":38}},"type":"binary-expr","locations":[{"start":{"line":184,"column":20},"end":{"line":184,"column":32}},{"start":{"line":184,"column":36},"end":{"line":184,"column":38}}],"line":184},"41":{"loc":{"start":{"line":185,"column":20},"end":{"line":185,"column":38}},"type":"binary-expr","locations":[{"start":{"line":185,"column":20},"end":{"line":185,"column":32}},{"start":{"line":185,"column":36},"end":{"line":185,"column":38}}],"line":185},"42":{"loc":{"start":{"line":186,"column":20},"end":{"line":186,"column":38}},"type":"binary-expr","locations":[{"start":{"line":186,"column":20},"end":{"line":186,"column":32}},{"start":{"line":186,"column":36},"end":{"line":186,"column":38}}],"line":186},"43":{"loc":{"start":{"line":187,"column":20},"end":{"line":187,"column":38}},"type":"binary-expr","locations":[{"start":{"line":187,"column":20},"end":{"line":187,"column":32}},{"start":{"line":187,"column":36},"end":{"line":187,"column":38}}],"line":187},"44":{"loc":{"start":{"line":188,"column":20},"end":{"line":188,"column":38}},"type":"binary-expr","locations":[{"start":{"line":188,"column":20},"end":{"line":188,"column":32}},{"start":{"line":188,"column":36},"end":{"line":188,"column":38}}],"line":188},"45":{"loc":{"start":{"line":189,"column":20},"end":{"line":189,"column":37}},"type":"binary-expr","locations":[{"start":{"line":189,"column":20},"end":{"line":189,"column":32}},{"start":{"line":189,"column":36},"end":{"line":189,"column":37}}],"line":189},"46":{"loc":{"start":{"line":193,"column":22},"end":{"line":193,"column":59}},"type":"cond-expr","locations":[{"start":{"line":193,"column":41},"end":{"line":193,"column":42}},{"start":{"line":193,"column":45},"end":{"line":193,"column":59}}],"line":193}},"s":{"0":0,"1":0,"2":0,"3":0,"4":0,"5":0,"6":0,"7":0,"8":0,"9":0,"10":0,"11":0,"12":0,"13":0,"14":0,"15":0,"16":0,"17":0,"18":0,"19":0,"20":0,"21":0,"22":0,"23":0,"24":0,"25":0,"26":0,"27":0,"28":0,"29":0,"30":0,"31":0,"32":0,"33":0,"34":0,"35":0,"36":0,"37":0,"38":0,"39":0,"40":0,"41":0,"42":0,"43":0,"44":0,"45":0,"46":0,"47":0,"48":0,"49":0,"50":0,"51":0,"52":0,"53":0,"54":0,"55":0,"56":0,"57":0,"58":0,"59":0,"60":0,"61":0,"62":0,"63":0,"64":0,"65":0,"66":0,"67":0,"68":0,"69":0,"70":0,"71":0,"72":0,"73":0,"74":0,"75":0,"76":0,"77":0,"78":0,"79":0,"80":0,"81":0,"82":0,"83":0,"84":0,"85":0,"86":0},"f":{"0":0,"1":0,"2":0,"3":0,"4":0,"5":0,"6":0,"7":0,"8":0,"9":0,"10":0,"11":0,"12":0,"13":0,"14":0},"b":{"0":[0,0],"1":[0],"2":[0,0],"3":[0,0],"4":[0,0],"5":[0,0],"6":[0,0],"7":[0,0],"8":[0,0],"9":[0,0],"10":[0,0],"11":[0,0],"12":[0,0],"13":[0,0],"14":[0,0],"15":[0,0],"16":[0,0],"17":[0],"18":[0,0],"19":[0,0],"20":[0],"21":[0,0],"22":[0,0],"23":[0,0],"24":[0,0],"25":[0,0],"26":[0],"27":[0,0],"28":[0,0],"29":[0,0],"30":[0,0],"31":[0,0],"32":[0,0],"33":[0,0],"34":[0,0],"35":[0,0],"36":[0,0],"37":[0,0],"38":[0,0],"39":[0,0],"40":[0,0],"41":[0,0],"42":[0,0],"43":[0,0],"44":[0,0],"45":[0,0],"46":[0,0]},"inputSourceMap":null,"_coverageSchema":"1a1c01bbd47fc00a2c39e90264f33305004495a9","hash":"3f544ddf350ba93ea1cc18d7f56fa6eda5a0364c"}
,"/home/syed-imadulla/Desktop/StudyFlow Ai/backend/src/services/goal.service.js": {"path":"/home/syed-imadulla/Desktop/StudyFlow Ai/backend/src/services/goal.service.js","statementMap":{"0":{"start":{"line":10,"column":30},"end":{"line":17,"column":1}},"1":{"start":{"line":11,"column":2},"end":{"line":11,"column":28}},"2":{"start":{"line":11,"column":16},"end":{"line":11,"column":28}},"3":{"start":{"line":12,"column":15},"end":{"line":12,"column":65}},"4":{"start":{"line":13,"column":16},"end":{"line":13,"column":42}},"5":{"start":{"line":14,"column":15},"end":{"line":14,"column":66}},"6":{"start":{"line":14,"column":42},"end":{"line":14,"column":53}},"7":{"start":{"line":15,"column":2},"end":{"line":15,"column":92}},"8":{"start":{"line":16,"column":2},"end":{"line":16,"column":14}},"9":{"start":{"line":24,"column":19},"end":{"line":24,"column":35}},"10":{"start":{"line":25,"column":4},"end":{"line":25,"column":54}},"11":{"start":{"line":25,"column":23},"end":{"line":25,"column":54}},"12":{"start":{"line":26,"column":4},"end":{"line":26,"column":65}},"13":{"start":{"line":26,"column":22},"end":{"line":26,"column":65}},"14":{"start":{"line":27,"column":4},"end":{"line":34,"column":5}},"15":{"start":{"line":28,"column":26},"end":{"line":28,"column":80}},"16":{"start":{"line":29,"column":6},"end":{"line":33,"column":7}},"17":{"start":{"line":30,"column":8},"end":{"line":30,"column":46}},"18":{"start":{"line":32,"column":8},"end":{"line":32,"column":55}},"19":{"start":{"line":36,"column":17},"end":{"line":36,"column":43}},"20":{"start":{"line":37,"column":17},"end":{"line":37,"column":46}},"21":{"start":{"line":38,"column":18},"end":{"line":38,"column":49}},"22":{"start":{"line":39,"column":17},"end":{"line":39,"column":35}},"23":{"start":{"line":41,"column":18},"end":{"line":41,"column":76}},"24":{"start":{"line":42,"column":4},"end":{"line":42,"column":44}},"25":{"start":{"line":49,"column":17},"end":{"line":49,"column":66}},"26":{"start":{"line":50,"column":4},"end":{"line":52,"column":5}},"27":{"start":{"line":51,"column":6},"end":{"line":51,"column":94}},"28":{"start":{"line":53,"column":4},"end":{"line":53,"column":39}},"29":{"start":{"line":60,"column":17},"end":{"line":60,"column":31}},"30":{"start":{"line":61,"column":4},"end":{"line":63,"column":5}},"31":{"start":{"line":62,"column":6},"end":{"line":62,"column":53}},"32":{"start":{"line":64,"column":4},"end":{"line":69,"column":5}},"33":{"start":{"line":65,"column":6},"end":{"line":65,"column":42}},"34":{"start":{"line":66,"column":6},"end":{"line":66,"column":28}},"35":{"start":{"line":67,"column":11},"end":{"line":69,"column":5}},"36":{"start":{"line":68,"column":6},"end":{"line":68,"column":28}},"37":{"start":{"line":71,"column":17},"end":{"line":74,"column":6}},"38":{"start":{"line":75,"column":4},"end":{"line":75,"column":39}},"39":{"start":{"line":82,"column":17},"end":{"line":82,"column":29}},"40":{"start":{"line":83,"column":4},"end":{"line":85,"column":5}},"41":{"start":{"line":84,"column":6},"end":{"line":84,"column":53}},"42":{"start":{"line":86,"column":4},"end":{"line":93,"column":5}},"43":{"start":{"line":87,"column":6},"end":{"line":87,"column":42}},"44":{"start":{"line":88,"column":6},"end":{"line":88,"column":28}},"45":{"start":{"line":89,"column":11},"end":{"line":93,"column":5}},"46":{"start":{"line":90,"column":6},"end":{"line":90,"column":28}},"47":{"start":{"line":91,"column":11},"end":{"line":93,"column":5}},"48":{"start":{"line":92,"column":6},"end":{"line":92,"column":57}},"49":{"start":{"line":92,"column":24},"end":{"line":92,"column":57}},"50":{"start":{"line":95,"column":17},"end":{"line":99,"column":5}},"51":{"start":{"line":100,"column":4},"end":{"line":102,"column":5}},"52":{"start":{"line":101,"column":6},"end":{"line":101,"column":94}},"53":{"start":{"line":103,"column":4},"end":{"line":103,"column":39}},"54":{"start":{"line":110,"column":17},"end":{"line":110,"column":66}},"55":{"start":{"line":111,"column":4},"end":{"line":113,"column":5}},"56":{"start":{"line":112,"column":6},"end":{"line":112,"column":94}},"57":{"start":{"line":115,"column":24},"end":{"line":115,"column":26}},"58":{"start":{"line":116,"column":4},"end":{"line":132,"column":5}},"59":{"start":{"line":118,"column":6},"end":{"line":118,"column":80}},"60":{"start":{"line":121,"column":6},"end":{"line":121,"column":58}},"61":{"start":{"line":124,"column":6},"end":{"line":130,"column":7}},"62":{"start":{"line":125,"column":8},"end":{"line":129,"column":9}},"63":{"start":{"line":126,"column":10},"end":{"line":126,"column":60}},"64":{"start":{"line":128,"column":10},"end":{"line":128,"column":89}},"65":{"start":{"line":131,"column":6},"end":{"line":131,"column":18}},"66":{"start":{"line":139,"column":17},"end":{"line":139,"column":66}},"67":{"start":{"line":140,"column":4},"end":{"line":142,"column":5}},"68":{"start":{"line":141,"column":6},"end":{"line":141,"column":94}},"69":{"start":{"line":144,"column":20},"end":{"line":144,"column":47}},"70":{"start":{"line":145,"column":4},"end":{"line":147,"column":5}},"71":{"start":{"line":146,"column":6},"end":{"line":146,"column":102}},"72":{"start":{"line":149,"column":4},"end":{"line":149,"column":93}},"73":{"start":{"line":152,"column":25},"end":{"line":152,"column":90}},"74":{"start":{"line":152,"column":78},"end":{"line":152,"column":89}},"75":{"start":{"line":153,"column":4},"end":{"line":156,"column":5}},"76":{"start":{"line":154,"column":6},"end":{"line":154,"column":42}},"77":{"start":{"line":155,"column":6},"end":{"line":155,"column":28}},"78":{"start":{"line":158,"column":4},"end":{"line":158,"column":22}},"79":{"start":{"line":160,"column":4},"end":{"line":160,"column":39}},"80":{"start":{"line":167,"column":4},"end":{"line":169,"column":5}},"81":{"start":{"line":168,"column":6},"end":{"line":168,"column":112}},"82":{"start":{"line":172,"column":4},"end":{"line":172,"column":44}},"83":{"start":{"line":173,"column":22},"end":{"line":177,"column":7}},"84":{"start":{"line":173,"column":43},"end":{"line":177,"column":5}},"85":{"start":{"line":179,"column":4},"end":{"line":181,"column":5}},"86":{"start":{"line":180,"column":6},"end":{"line":180,"column":39}},"87":{"start":{"line":183,"column":4},"end":{"line":183,"column":33}}},"fnMap":{"0":{"name":"(anonym
[...]
n":48}},"type":"binary-expr","locations":[{"start":{"line":676,"column":12},"end":{"line":676,"column":23}},{"start":{"line":676,"column":27},"end":{"line":676,"column":48}}],"line":676},"124":{"loc":{"start":{"line":677,"column":8},"end":{"line":677,"column":64}},"type":"if","locations":[{"start":{"line":677,"column":8},"end":{"line":677,"column":64}},{"start":{},"end":{}}],"line":677},"125":{"loc":{"start":{"line":677,"column":12},"end":{"line":677,"column":56}},"type":"binary-expr","locations":[{"start":{"line":677,"column":12},"end":{"line":677,"column":26}},{"start":{"line":677,"column":30},"end":{"line":677,"column":56}}],"line":677},"126":{"loc":{"start":{"line":680,"column":23},"end":{"line":680,"column":46}},"type":"cond-expr","locations":[{"start":{"line":680,"column":37},"end":{"line":680,"column":38}},{"start":{"line":680,"column":41},"end":{"line":680,"column":46}}],"line":680},"127":{"loc":{"start":{"line":683,"column":8},"end":{"line":700,"column":9}},"type":"if","locations":[{"start":{"line":683,"column":8},"end":{"line":700,"column":9}},{"start":{"line":686,"column":15},"end":{"line":700,"column":9}}],"line":683},"128":{"loc":{"start":{"line":686,"column":15},"end":{"line":700,"column":9}},"type":"if","locations":[{"start":{"line":686,"column":15},"end":{"line":700,"column":9}},{"start":{"line":688,"column":15},"end":{"line":700,"column":9}}],"line":686},"129":{"loc":{"start":{"line":687,"column":20},"end":{"line":687,"column":44}},"type":"binary-expr","locations":[{"start":{"line":687,"column":20},"end":{"line":687,"column":30}},{"start":{"line":687,"column":34},"end":{"line":687,"column":44}}],"line":687},"130":{"loc":{"start":{"line":688,"column":15},"end":{"line":700,"column":9}},"type":"if","locations":[{"start":{"line":688,"column":15},"end":{"line":700,"column":9}},{"start":{"line":697,"column":15},"end":{"line":700,"column":9}}],"line":688},"131":{"loc":{"start":{"line":688,"column":19},"end":{"line":688,"column":57}},"type":"binary-expr","locations":[{"start":{"line":688,"column":19},"end":{"line":688,"column":36}},{"start":{"line":688,"column":40},"end":{"line":688,"column":57}}],"line":688},"132":{"loc":{"start":{"line":690,"column":10},"end":{"line":696,"column":11}},"type":"if","locations":[{"start":{"line":690,"column":10},"end":{"line":696,"column":11}},{"start":{},"end":{}}],"line":690},"133":{"loc":{"start":{"line":691,"column":12},"end":{"line":695,"column":13}},"type":"if","locations":[{"start":{"line":691,"column":12},"end":{"line":695,"column":13}},{"start":{"line":693,"column":19},"end":{"line":695,"column":13}}],"line":691},"134":{"loc":{"start":{"line":692,"column":24},"end":{"line":692,"column":81}},"type":"binary-expr","locations":[{"start":{"line":692,"column":24},"end":{"line":692,"column":51}},{"start":{"line":692,"column":55},"end":{"line":692,"column":81}}],"line":692},"135":{"loc":{"start":{"line":697,"column":15},"end":{"line":700,"column":9}},"type":"if","locations":[{"start":{"line":697,"column":15},"end":{"line":700,"column":9}},{"start":{},"end":{}}],"line":697},"136":{"loc":{"start":{"line":699,"column":20},"end":{"line":699,"column":106}},"type":"binary-expr","locations":[{"start":{"line":699,"column":20},"end":{"line":699,"column":53}},{"start":{"line":699,"column":57},"end":{"line":699,"column":106}}],"line":699},"137":{"loc":{"start":{"line":702,"column":8},"end":{"line":742,"column":9}},"type":"if","locations":[{"start":{"line":702,"column":8},"end":{"line":742,"column":9}},{"start":{},"end":{}}],"line":702},"138":{"loc":{"start":{"line":708,"column":10},"end":{"line":741,"column":11}},"type":"if","locations":[{"start":{"line":708,"column":10},"end":{"line":741,"column":11}},{"start":{},"end":{}}],"line":708},"139":{"loc":{"start":{"line":708,"column":14},"end":{"line":708,"column":66}},"type":"binary-expr","locations":[{"start":{"line":708,"column":14},"end":{"line":708,"column":39}},{"start":{"line":708,"column":43},"end":{"line":708,"column":66}}],"line":708},"140":{"loc":{"start":{"line":709,"column":33},"end":{"line":709,"column":60}},"type":"binary-expr","locations":[{"start":{"line":709,"column":33},"end":{"line":709,"column":53}},{"start":{"line":709,"column":57},"end":{"line":709,"column":60}}],"line":709},"141":{"loc":{"start":{"line":710,"column":12},"end":{"line":740,"column":13}},"type":"if","locations":[{"start":{"line":710,"column":12},"end":{"line":740,"column":13}},{"start":{},"end":{}}],"line":710},"142":{"loc":{"start":{"line":713,"column":14},"end":{"line":739,"column":15}},"type":"if","locations":[{"start":{"line":713,"column":14},"end":{"line":739,"column":15}},{"start":{},"end":{}}],"line":713},"143":{"loc":{"start":{"line":714,"column":30},"end":{"line":714,"column":155}},"type":"binary-expr","locations":[{"start":{"line":714,"column":30},"end":{"line":714,"column":53}},{"start":{"line":714,"column":57},"end":{"line":714,"column":94}},{"start":{"line":714,"column":99},"end":{"line":714,"column":154}}],"line":714},"144":{"loc":{"start":{"line":714,"column":99},"end":{"line":714,"column":154}},"type":"cond-expr","locations":[{"start":{"line":714,"column":109},"end":{"line":714,"column":147}},{"start":{"line":714,"column":150},"end":{"line":714,"column":154}}],"line":714},"145":{"loc":{"start":{"line":715,"column":16},"end":{"line":738,"column":17}},"type":"if","locations":[{"start":{"line":715,"column":16},"end":{"line":738,"column":17}},{"start":{"line":724,"column":23},"end":{"line":738,"column":17}}],"line":715},"146":{"loc":{"start":{"line":716,"column":18},"end":{"line":723,"column":19}},"type":"if","locations":[{"start":{"line":716,"column":18},"end":{"line":723,"column":19}},{"start":{"line":721,"column":25},"end":{"line":723,"column":19}}],"line":716},"147":{"loc":{"start":{"line":717,"column":35},"end":{"line":717,"column":72}},"type":"cond-expr","locations":[{"start":{"line":717,"column":50},"end":{"line":717,"column":64}},{"start":{"line":717,"column":67},"end":{"line":717,"column":72}}],"line":717},"148":{"loc":{"start":{"line":730,"column":48},"end":{"line":730,"column":75}},"type":"binary-expr","locations":[{"start":{"line":730,"column":48},"end":{"line":730,"column":68}},{"start":{"line":730,"column":72},"end":{"line":730,"column":75}}],"line":730}},"s":{"0":7,"1":33,"2":33,"3":33,"4":0,"5":33,"6":2,"7":2,"8":0,"9":0,"10":0,"11":0,"12":0,"13":0,"14":0,"15":0,"16":0,"17":0,"18":0,"19":0,"20":0,"21":0,"22":0,"23":0,"24":0,"25":0,"26":0,"27":2,"28":0,"29":0,"30":0,"31":0,"32":0,"33":0,"34":0,"35":0,"36":0,"37":0,"38":0,"39":0,"40":0,"41":0,"42":0,"43":0,"44":0,"45":0,"46":0,"47":0,"48":0,"49":0,"50":0,"51":0,"52":0,"53":0,"54":0,"55":0,"56":0,"57":0,"58":0,"59":0,"60":0,"61":0,"62":0,"63":0,"64":0,"65":0,"66":0,"67":0,"68":0,"69":0,"70":0,"71":0,"72":0,"73":0,"74":0,"75":0,"76":24,"77":7,"78":7,"79":7,"80":24,"81":7,"82":24,"83":8,"84":8,"85":8,"86":1,"87":7,"88":7,"89":0,"90":7,"91":7,"92":0,"93":7,"94":7,"95":7,"96":7,"97":7,"98":0,"99":0,"100":7,"101":10,"102":10,"103":10,"104":10,"105":0,"106":10,"107":0,"108":10,"109":5,"110":5,"111":5,"112":5,"113":5,"114":5,"115":3,"116":3,"117":5,"118":5,"119":0,"120":5,"121":0,"122":5,"123":1,"124":1,"125":3,"126":3,"127":2,"128":3,"129":0,"130":0,"131":0,"132":0,"133":0,"134":0,"135":0,"136":0,"137":0,"138":0,"139":0,"140":0,"141":0,"142":0,"143":0,"144":0,"145":0,"146":0,"147":0,"148":0,"149":0,"150":0,"151":0,"152":0,"153":0,"154":0,"155":0,"156":0,"157":0,"158":0,"159":0,"160":0,"161":0,"162":0,"163":0,"164":0,"165":0,"166":0,"167":0,"168":0,"169":0,"170":0,"171":0,"172":0,"173":0,"174":0,"175":0,"176":0,"177":0,"178":0,"179":0,"180":0,"181":0,"182":0,"183":0,"184":0,"185":0,"186":0,"187":0,"188":10,"189":10,"190":2,"191":8,"192":8,"193":8,"194":8,"195":8,"196":0,"197":8,"198":0,"199":0,"200":0,"201":0,"202":0,"203":0,"204":0,"205":0,"206":8,"207":8,"208":8,"209":0,"210":0,"211":0,"212":0,"213":8,"214":1,"215":8,"216":7,"217":0,"218":7,"219":6,"220":0,"221":0,"222":0,"223":0,"224":0,"225":0,"226":0,"227":0,"228":0,"229":0,"230":0,"231":0,"232":0,"233":0,"234":0,"235":5,"236":5,"237":4,"238":5,"239":5,"240":1,"241":4,"242":4,"243":4,"244":2,"245":4,"246":2,"247":4,"248":4,"249":4,"250":4,"251":7,"252":1,"253":6,"254":6,"255":6,"256":6,"257":6,"258":1,"259":1,"260":0,"261":0,"262":0,"263":0,"264":0,"265":1,"266":1,"267":1,"268":0,"269":0,"270":0,"271":0,"272":0,"273":0,"274":0,"275":0,"276":1,"277":0,"278":0,"279":0,"280":2,"281":2,"282":2,"283":2,"284":0,"285":0,"286":2,"287":0,"288":2,"289":0,"290":2,"291":2,"292":2,"293":2,"294":2,"295":0,"296":0,"297":0,"298":0,"299":0,"300":2,"301":2,"302":2,"303":2,"304":501,"305":501,"306":501,"307":2,"308":0,"309":0,"310":0,"311":0,"312":0,"313":0,"314":0,"315":0,"316":0,"317":0,"318":0,"319":0,"320":0,"321":0,"322":0,"323":0,"324":0,"325":0,"326":0,"327":0,"328":0,"329":0,"330":0,"331":0,"332":0,"333":0,"334":0,"335":0,"336":0,"337":0,"338":0,"339":0,"340":0,"341":0,"342":0,"343":0,"344":0,"345":0,"346":0,"347":0,"348":0,"349":0,"350":0,"351":0,"352":0,"353":0,"354":0,"355":0,"356":0,"357":0,"358":0,"359":0,"360":0,"361":0,"362":0,"363":0,"364":0,"365":0,"366":0,"367":0,"368":0,"369":0,"370":0,"371":0,"372":0,"373":0,"374":0,"375":0,"376":0,"377":2,"378":501,"379":2,"380":499,"381":2,"382":15},"f":{"0":33,"1":2,"2":0,"3":2,"4":0,"5":0,"6":0,"7":0,"8":0,"9":0,"10":0,"11":0,"12":0,"13":0,"14":0,"15":24,"16":8,"17":10,"18":5,"19":3,"20":0,"21":0,"22":0,"23":10,"24":0,"25":0,"26":5,"27":4,"28":7,"29":1,"30":0,"31":1,"32":2,"33":501,"34":499,"35":15},"b":{"0":[33,0],"1":[0],"2":[2,0],"3":[2,2],"4":[0,0],"5":[0,0,0],"6":[0,0],"7":[0,0],"8":[0,0],"9":[0,0],"10":[0,0],"11":[0,0],"12":[0,0],"13":[0,0],"14":[0,0],"15":[0,0,0],"16":[0,0],"17":[0,0],"18":[0,0],"19":[0,0],"20":[0,0],"21":[0,0],"22":[0,0],"23":[0,0],"24":[0,0],"25":[7,17],"26":[24,7],"27":[7,7],"28":[7,17],"29":[24,7],"30":[1,7],"31":[0,7],"32":[0,7],"33":[10,10],"34":[10,9],"35":[0,10],"36":[10,0,0],"37":[0,10],"38":[10,0,0],"39":[0],"40":[5,5],"41":[5,0],"42":[3,2],"43":[5,4,3],"44":[0,5],"45":[5,3,3],"46":[0,5],"47":[5,0,0],"48":[2,1],"49":[0,0],"50":[0,0],"51":[0,0],"52":[0,0],"53":[0,0],"54":[0,0],"55":[0,0],"56":[0,0],"57":[0,0],"58":[0,0],"59":[0,0],"60":[0,0],"61":[0,0],"62":[0,0],"63":[0,0,0],"64":[0,0],"65":[0,0,0],"66":[2,8],"67":[0,8],"68":[8,0],"69":[0,8],"70":[8,1,0,0],"71":[0,8],"72":[1,7],"73":[0,7],"74":[0,0],"75":[0,0],"76":[0,0],"77":[0,0],"78":[0,0],"79":[0,0],"80":[0,0],"81":[0,0],"82":[0,0],"83":[5,3],"84":[4,4],"85":[1,4],"86":[4,0],"87":[2,2],"88":[2,2],"89":[4,0],"90":[0],"91":[1,6],"92":[7,6],"93":[6,0,6],"94":[6,6],"95":[6,0],"96":[0,0],"97":[0,0],"98":[0,1],"99":[1,0,0,0],"100":[0],"101":[0,2],"102":[2,0],"103":[0,0],"104":[0,2],"105":[0,0],"106":[0,2],"107":[0,0],"108":[0,0],"109":[0,0],"110":[501,0],"111":[501,501,501],"112":[501,0],"113":[501,0],"114":[0,0],"115":[0,0],"116":[0,0],"117":[0,0,0],"118":[0,0],"119":[0,0],"120":[0,0],"121":[0,0],"122":[0,0],"123":[0,0],"124":[0,0],"125":[0,0],"126":[0,0],"127":[0,0],"128":[0,0],"129":[0,0],"130":[0,0],"131":[0,0],"132":[0,0],"133":[0,0],"134":[0,0],"135":[0,0],"136":[0,0],"137":[0,0],"138":[0,0],"139":[0,0],"140":[0,0],"141":[0,0],"142":[0,0],"143":[0,0,0],"144":[0,0],"145":[0,0],"146":[0,0],"147":[0,0],"148":[0,0]},"inputSourceMap":null,"_coverageSchema":"1a1c01bbd47fc00a2c39e90264f33305004495a9","hash":"31d6621e2a6261d9234ef622617c238c0f896e7a"}
,"/home/syed-imadulla/Desktop/StudyFlow Ai/backend/src/services/task.service.js": {"path":"/home/syed-imadulla/Desktop/StudyFlow Ai/backend/src/services/task.service.js","statementMap":{"0":{"start":{"line":10,"column":19},"end":{"line":10,"column":35}},"1":{"start":{"line":12,"column":4},"end":{"line":19,"column":5}},"2":{"start":{"line":13,"column":20},"end":{"line":13,"column":46}},"3":{"start":{"line":14,"column":6},"end":{"line":18,"column":7}},"4":{"start":{"line":15,"column":8},"end":{"line":15,"column":30}},"5":{"start":{"line":17,"column":8},"end":{"line":17,"column":37}},"6":{"start":{"line":21,"column":4},"end":{"line":27,"column":5}},"7":{"start":{"line":22,"column":6},"end":{"line":26,"column":7}},"8":{"start":{"line":23,"column":8},"end":{"line":23,"column":46}},"9":{"start":{"line":24,"column":13},"end":{"line":26,"column":7}},"10":{"start":{"line":25,"column":8},"end":{"line":25,"column":41}},"11":{"start":{"line":29,"column":4},"end":{"line":36,"column":5}},"12":{"start":{"line":30,"column":20},"end":{"line":30,"column":48}},"13":{"start":{"line":31,"column":6},"end":{"line":35,"column":7}},"14":{"start":{"line":32,"column":8},"end":{"line":32,"column":32}},"15":{"start":{"line":34,"column":8},"end":{"line":34,"column":41}},"16":{"start":{"line":38,"column":4},"end":{"line":38,"column":51}},"17":{"start":{"line":38,"column":22},"end":{"line":38,"column":51}},"18":{"start":{"line":39,"column":4},"end":{"line":39,"column":82}},"19":{"start":{"line":39,"column":38},"end":{"line":39,"column":82}},"20":{"start":{"line":41,"column":17},"end":{"line":41,"column":43}},"21":{"start":{"line":42,"column":17},"end":{"line":42,"column":46}},"22":{"start":{"line":43,"column":18},"end":{"line":43,"column":49}},"23":{"start":{"line":44,"column":17},"end":{"line":44,"column":35}},"24":{"start":{"line":46,"column":4},"end":{"line":46,"column":64}},"25":{"start":{"line":53,"column":17},"end":{"line":53,"column":66}},"26":{"start":{"line":54,"column":4},"end":{"line":56,"column":5}},"27":{"start":{"line":55,"column":6},"end":{"line":55,"column":94}},"28":{"start":{"line":57,"column":4},"end":{"line":57,"column":16}},"29":{"start":{"line":64,"column":4},"end":{"line":67,"column":7}},"30":{"start":{"line":74,"column":17},"end":{"line":78,"column":5}},"31":{"start":{"line":79,"column":4},"end":{"line":81,"column":5}},"32":{"start":{"line":80,"column":6},"end":{"line":80,"column":94}},"33":{"start":{"line":82,"column":4},"end":{"line":82,"column":16}},"34":{"start":{"line":89,"column":19},"end":{"line":89,"column":77}},"35":{"start":{"line":90,"column":4},"end":{"line":92,"column":5}},"36":{"start":{"line":91,"column":6},"end":{"line":91,"column":94}}},"fnMap":{"0":{"name":"(anonymous_0)","decl":{"start":{"line":9,"column":2},"end":{"line":9,"column":3}},"loc":{"start":{"line":9,"column":44},"end":{"line":47,"column":3}},"line":9},"1":{"name":"(anonymous_1)","decl":{"start":{"line":52,"column":2},"end":{"line":52,"column":3}},"loc":{"start":{"line":52,"column":43},"end":{"line":58,"column":3}},"line":52},"2":{"name":"(anonymous_2)","decl":{"start":{"line":63,"column":2},"end":{"line":63,"column":3}},"loc":{"start":{"line":63,"column":43},"end":{"line":68,"column":3}},"line":63},"3":{"name":"(anonymous_3)","decl":{"start":{"line":73,"column":2},"end":{"line":73,"column":3}},"loc":{"start":{"line":73,"column":49},"end":{"line":83,"column":3}},"line":73},"4":{"name":"(anonymous_4)","decl":{"start":{"line":88,"column":2},"end":{"line":88,"column":3}},"loc":{"start":{"line":88,"column":42},"end":{"line":93,"column":3}},"line":88}},"branchMap":{"0":{"loc":{"start":{"line":9,"column":32},"end":{"line":9,"column":42}},"type":"default-arg","locations":[{"start":{"line":9,"column":40},"end":{"line":9,"column":42}}],"line":9},"1":{"loc":{"start":{"line":12,"column":4},"end":{"line":19,"column":5}},"type":"if","locations":[{"start":{"line":12,"column":4},"end":{"line":19,"column":5}},{"start":{},"end":{}}],"line":12},"2":{"loc":{"start":{"line":12,"column":8},"end":{"line":12,"column":56}},"type":"binary-expr","locations":[{"start":{"line":12,"column":8},"end":{"line":12,"column":20}},{"start":{"line":12,"column":24},"end":{"line":12,"column":56}}],"line":12},"3":{"loc":{"start":{"line":14,"column":6},"end":{"line":18,"column":7}},"type":"if","locations":[{"start":{"line":14,"column":6},"end":{"line":18,"column":7}},{"start":{"line":16,"column":13},"end":{"line":18,"column":7}}],"line":14},"4":{"loc":{"start":{"line":21,"column":4},"end":{"line":27,"column":5}},"type":"if","locations":[{"start":{"line":21,"column":4},"end":{"line":27,"column":5}},{"start":{},"end":{}}],"line":21},"5":{"loc":{"start":{"line":22,"column":6},"end":{"line":26,"column":7}},"type":"if","locations":[{"start":{"line":22,"column":6},"end":{"line":26,"column":7}},{"start":{"line":24,"column":13},"end":{"line":26,"column":7}}],"line":22},"6":{"loc":{"start":{"line":22,"column":10},"end":{"line":22,"column":64}},"type":"binary-expr","locations":[{"start":{"line":22,"column":10},"end":{"line":22,"column":36}},{"start":{"line":22,"column":40},"end":{"line":22,"column":64}}],"line":22},"7":{"loc":{"start":{"line":24,"column":13},"end":{"line":26,"column":7}},"type":"if","locations":[{"start":{"line":24,"column":13},"end":{"line":26,"column":7}},{"start":{},"end":{}}],"line":24},"8":{"loc":{"start":{"line":24,"column":17},"end":{"line":24,"column":73}},"type":"binary-expr","locations":[{"start":{"line":24,"column":17},"end":{"line":24,"column":44}},{"start":{"line":24,"column":48},"end":{"line":24,"column":73}}],"line":24},"9":{"loc":{"start":{"line":29,"column":4},"end":{"line":36,"column":5}},"type":"if","locations":[{"start":{"line":29,"column":4},"end":{"line":36,"column":5}},{"start":{},"end":{}}],"line":29},"10":{"loc":{"start":{"line":29,"column":8},"end":{"line":29,"column":60}},"type":"binary-expr","locations":[{"start":{"line":29,"column":8},"end":{"line":29,"column":22}},{"start":{"line":29,"column":26},"end":{"line":29,"column":60}}],"line":29},"11":{"loc":{"start":{"line":31,"column":6},"end":{"line":35,"column":7}},"type":"if","locations":[{"start":{"line":31,"column":6},"end":{"line":35,"column":7}},{"start":{"line":33,"column":13},"end":{"line":35,"column":7}}],"line":31},"12":{"loc":{"start":{"line":38,"column":4},"end":{"line":38,"column":51}},"type":"if","locations":[{"start":{"line":38,"column":4},"end":{"line":38,"column":51}},{"start":{},"end":{}}],"line":38},"13":{"loc":{"start":{"line":39,"column":4},"end":{"line":39,"column":82}},"type":"if","locations":[{"start":{"line":39,"column":4},"end":{"line":39,"column":82}},{"start":{},"end":{}}],"line":39},"14":{"loc":{"start":{"line":41,"column":17},"end":{"line":41,"column":43}},"type":"binary-expr","locations":[{"start":{"line":41,"column":17},"end":{"line":41,"column":27}},{"start":{"line":41,"column":31},"end":{"line":41,"column":43}}],"line":41},"15":{"loc":{"start":{"line":42,"column":17},"end":{"line":42,"column":46}},"type":"binary-expr","locations":[{"start":{"line":42,"column":17},"end":{"line":42,"column":41}},{"start":{"line":42,"column":45},"end":{"line":42,"column":46}}],"line":42},"16":{"loc":{"start":{"line":43,"column":18},"end":{"line":43,"column":49}},"type":"binary-expr","locations":[{"start":{"line":43,"column":18},"end":{"line":43,"column":43}},{"start":{"line":43,"column":47},"end":{"line":43,"column":49}}],"line":43},"17":{"loc":{"start":{"line":54,"column":4},"end":{"line":56,"column":5}},"type":"if","locations":[{"start":{"line":54,"column":4},"end":{"line":56,"column":5}},{"start":{},"end":{}}],"line":54},"18":{"loc":{"start":{"line":79,"column":4},"end":{"line":81,"column":5}},"type":"if","locations":[{"start":{"line":79,"column":4},"end":{"line":81,"column":5}},{"start":{},"end":{}}],"line":79},"19":{"loc":{"start":{"line":90,"column":4},"end":{"line":92,"column":5}},"type":"if","locations":[{"start":{"line":90,"column":4},"end":{"line":92,"column":5}},{"start":{},"end":{}}],"line":90}},"s":{"0":0,"1":0,"2":0,"3":0,"4":0,"5":0,"6":0,"7":0,"8":0,"9":0,"10":0,"11":0,"12":0,"13":0,"14":0,"15":0,"16":0,"17":0,"18":0,"19":0,"20":0,"21":0,"22":0,"23":0,"24":0,"25":0,"26":0,"27":0,"28":0,"29":0,"30":0,"31":0,"32":0,"33":0,"34":0,"35":0,"36":0},"f":{"0":0,"1":0,"2":0,"3":0,"4":0},"b":{"0":[0],"1":[0,0],"2":[0,0],"3":[0,0],"4":[0,0],"5":[0,0],"6":[0,0],"7":[0,0],"8":[0,0],"9":[0,0],"10":[0,0],"11":[0,0],"12":[0,0],"13":[0,0],"14":[0,0],"15":[0,0],"16":[0,0],"17":[0,0],"18":[0,0],"19":[0,0]},"inputSourceMap":null,"_coverageSchema":"1a1c01bbd47fc00a2c39e90264f33305004495a9","hash":"3f78371191243a94d33b78fc994f6c67716aebfc"}
}
