TN:
SF:src/controllers/analytics.controller.js
FN:6,(anonymous_0)
FN:15,(anonymous_1)
FN:25,(anonymous_2)
FN:35,(anonymous_3)
FN:45,(anonymous_4)
FN:54,(anonymous_5)
FNF:6
FNH:0
FNDA:0,(anonymous_0)
FNDA:0,(anonymous_1)
FNDA:0,(anonymous_2)
FNDA:0,(anonymous_3)
FNDA:0,(anonymous_4)
FNDA:0,(anonymous_5)
DA:6,1
DA:7,0
DA:8,0
DA:15,1
DA:16,0
DA:17,0
DA:18,0
DA:25,1
DA:26,0
DA:27,0
DA:28,0
DA:35,1
DA:36,0
DA:37,0
DA:38,0
DA:45,1
DA:46,0
DA:47,0
DA:54,1
DA:55,0
DA:56,0
LF:21
LH:6
BRF:0
BRH:0
end_of_record
TN:
SF:src/controllers/auth.controller.js
FN:9,(anonymous_0)
FN:28,(anonymous_1)
FN:40,(anonymous_2)
FN:63,(anonymous_3)
FN:86,(anonymous_4)
FN:102,(anonymous_5)
FN:125,(anonymous_6)
FN:144,(anonymous_7)
FN:161,(anonymous_8)
FNF:9
FNH:0
FNDA:0,(anonymous_0)
FNDA:0,(anonymous_1)
FNDA:0,(anonymous_2)
FNDA:0,(anonymous_3)
FNDA:0,(anonymous_4)
FNDA:0,(anonymous_5)
FNDA:0,(anonymous_6)
FNDA:0,(anonymous_7)
FNDA:0,(anonymous_8)
DA:9,1
DA:10,0
DA:11,0
DA:17,0
DA:28,1
DA:29,0
DA:30,0
DA:31,0
DA:40,1
DA:41,0
DA:42,0
DA:44,0
DA:63,1
DA:64,0
DA:65,0
DA:67,0
DA:86,1
DA:87,0
DA:88,0
DA:90,0
DA:102,1
DA:103,0
DA:104,0
DA:105,0
DA:107,0
DA:125,1
DA:126,0
DA:127,0
DA:144,1
DA:145,0
DA:147,0
DA:161,1
DA:162,0
DA:164,0
LF:34
LH:9
BRDA:103,0,0,0
BRDA:103,0,1,0
BRDA:131,1,0,0
BRDA:131,1,1,0
BRDA:134,2,0,0
BRDA:134,2,1,0
BRF:6
BRH:0
end_of_record
TN:
SF:src/controllers/focus.controller.js
FN:6,(anonymous_0)
FN:15,(anonymous_1)
FN:24,(anonymous_2)
FN:33,(anonymous_3)
FN:42,(anonymous_4)
FN:52,(anonymous_5)
FN:61,(anonymous_6)
FN:70,(anonymous_7)
FN:79,(anonymous_8)
FN:89,(anonymous_9)
FN:98,(anonymous_10)
FNF:11
FNH:0
FNDA:0,(anonymous_0)
FNDA:0,(anonymous_1)
FNDA:0,(anonymous_2)
FNDA:0,(anonymous_3)
FNDA:0,(anonymous_4)
FNDA:0,(anonymous_5)
FNDA:0,(anonymous_6)
FNDA:0,(anonymous_7)
FNDA:0,(anonymous_8)
FNDA:0,(anonymous_9)
FNDA:0,(anonymous_10)
DA:6,1
DA:7,0
DA:8,0
DA:15,1
DA:16,0
DA:17,0
DA:24,1
DA:25,0
DA:26,0
DA:33,1
DA:34,0
DA:35,0
DA:42,1
DA:43,0
DA:44,0
DA:52,1
DA:53,0
DA:54,0
DA:61,1
DA:62,0
DA:63,0
DA:70,1
DA:71,0
DA:72,0
DA:79,1
DA:80,0
DA:81,0
DA:82,0
DA:89,1
DA:90,0
DA:91,0
DA:98,1
DA:99,0
DA:100,0
LF:34
LH:11
BRF:0
BRH:0
end_of_record
TN:
SF:src/controllers/goal.controller.js
FN:6,(anonymous_0)
FN:15,(anonymous_1)
FN:24,(anonymous_2)
FN:33,(anonymous_3)
FN:42,(anonymous_4)
FN:51,(anonymous_5)
FN:62,(anonymous_6)
FNF:7
FNH:1
FNDA:0,(anonymous_0)
FNDA:1,(anonymous_1)
FNDA:0,(anonymous_2)
FNDA:0,(anonymous_3)
FNDA:0,(anonymous_4)
FNDA:0,(anonymous_5)
FNDA:0,(anonymous_6)
DA:6,1
DA:7,0
DA:8,0
DA:15,1
DA:16,1
DA:17,0
DA:24,1
DA:25,0
DA:26,0
DA:33,1
DA:34,0
DA:35,0
DA:42,1
DA:43,0
DA:44,0
DA:51,1
DA:52,0
DA:53,0
DA:54,0
DA:55,0
DA:62,1
DA:63,0
DA:64,0
LF:23
LH:8
BRDA:53,0,0,0
BRDA:53,0,1,0
BRF:2
BRH:0
end_of_record
TN:
SF:src/controllers/health.controller.js
FN:8,(anonymous_0)
FN:17,(anonymous_1)
FNF:2
FNH:0
FNDA:0,(anonymous_0)
FNDA:0,(anonymous_1)
DA:8,1
DA:9,0
DA:17,1
DA:18,0
LF:4
LH:2
BRF:0
BRH:0
end_of_record
TN:
SF:src/controllers/planner.controller.js
FN:7,(anonymous_0)
FN:16,(anonymous_1)
FN:25,(anonymous_2)
FN:34,(anonymous_3)
FN:43,(anonymous_4)
FN:52,(anonymous_5)
FN:61,(anonymous_6)
FN:70,(anonymous_7)
FN:86,(anonymous_8)
FN:102,(anonymous_9)
FN:115,(anonymous_10)
FN:124,(anonymous_11)
FN:133,(anonymous_12)
FN:142,(anonymous_13)
FNF:14
FNH:3
FNDA:0,(anonymous_0)
FNDA:0,(anonymous_1)
FNDA:0,(anonymous_2)
FNDA:1,(anonymous_3)
FNDA:1,(anonymous_4)
FNDA:1,(anonymous_5)
FNDA:0,(anonymous_6)
FNDA:0,(anonymous_7)
FNDA:0,(anonymous_8)
FNDA:0,(anonymous_9)
FNDA:0,(anonymous_10)
FNDA:0,(anonymous_11)
FNDA:0,(anonymous_12)
FNDA:0,(anonymous_13)
DA:7,1
DA:8,0
DA:9,0
DA:16,1
DA:17,0
DA:18,0
DA:25,1
DA:26,0
DA:27,0
DA:34,1
DA:35,1
DA:36,0
DA:43,1
DA:44,1
DA:45,0
DA:52,1
DA:53,1
DA:54,0
DA:61,1
DA:62,0
DA:63,0
DA:70,1
DA:71,0
DA:72,0
DA:73,0
DA:74,0
DA:75,0
DA:76,0
DA:77,0
DA:78,0
DA:79,0
DA:86,1
DA:87,0
DA:88,0
DA:89,0
DA:90,0
DA:91,0
DA:92,0
DA:93,0
DA:94,0
DA:102,1
DA:103,0
DA:104,0
DA:107,0
DA:108,0
DA:115,1
DA:116,0
DA:117,0
DA:124,1
DA:125,0
DA:126,0
DA:133,1
DA:134,0
DA:135,0
DA:142,1
DA:143,0
DA:144,0
DA:145,0
LF:58
LH:17
BRDA:104,0,0,0
BRDA:104,0,1,0
BRDA:107,1,0,0
BRDA:107,1,1,0
BRF:4
BRH:0
end_of_record
TN:
SF:src/controllers/task.controller.js
FN:6,(anonymous_0)
FN:15,(anonymous_1)
FN:24,(anonymous_2)
FN:33,(anonymous_3)
FN:42,(anonymous_4)
FNF:5
FNH:0
FNDA:0,(anonymous_0)
FNDA:0,(anonymous_1)
FNDA:0,(anonymous_2)
FNDA:0,(anonymous_3)
FNDA:0,(anonymous_4)
DA:6,1
DA:7,0
DA:8,0
DA:15,1
DA:16,0
DA:17,0
DA:24,1
DA:25,0
DA:26,0
DA:33,1
DA:34,0
DA:35,0
DA:42,1
DA:43,0
DA:44,0
LF:15
LH:5
BRF:0
BRH:0
end_of_record
TN:
SF:src/services/analytics.service.js
FN:10,(anonymous_0)
FN:16,(anonymous_1)
FN:20,(anonymous_2)
FN:22,(anonymous_3)
FN:26,(anonymous_4)
FN:28,(anonymous_5)
FN:35,(anonymous_6)
FN:100,(anonymous_7)
FN:140,(anonymous_8)
FN:148,(anonymous_9)
FN:175,(anonymous_10)
FN:188,(anonymous_11)
FN:191,(anonymous_12)
FN:205,(anonymous_13)
FN:214,(anonymous_14)
FN:215,(anonymous_15)
FNF:16
FNH:0
FNDA:0,(anonymous_0)
FNDA:0,(anonymous_1)
FNDA:0,(anonymous_2)
FNDA:0,(anonymous_3)
FNDA:0,(anonymous_4)
FNDA:0,(anonymous_5)
FNDA:0,(anonymous_6)
FNDA:0,(anonymous_7)
FNDA:0,(anonymous_8)
FNDA:0,(anonymous_9)
FNDA:0,(anonymous_10)
FNDA:0,(anonymous_11)
FNDA:0,(anonymous_12)
FNDA:0,(anonymous_13)
FNDA:0,(anonymous_14)
FNDA:0,(anonymous_15)
DA:11,0
DA:12,0
DA:13,0
DA:15,0
DA:16,0
DA:18,0
DA:19,0
DA:20,0
DA:21,0
DA:22,0
DA:25,0
DA:26,0
DA:28,0
DA:29,0
DA:32,0
DA:33,0
DA:34,0
DA:35,0
DA:37,0
DA:38,0
DA:39,0
DA:41,0
DA:42,0
DA:43,0
DA:44,0
DA:45,0
DA:46,0
DA:47,0
DA:48,0
DA:49,0
DA:51,0
DA:57,0
DA:58,0
DA:59,0
DA:60,0
DA:61,0
DA:62,0
DA:63,0
DA:64,0
DA:65,0
DA:67,0
DA:73,0
DA:75,0
DA:101,0
DA:102,0
DA:103,0
DA:105,0
DA:141,0
DA:142,0
DA:143,0
DA:145,0
DA:146,0
DA:148,0
DA:149,0
DA:150,0
DA:151,0
DA:154,0
DA:176,0
DA:189,0
DA:190,0
DA:191,0
DA:193,0
DA:206,0
DA:207,0
DA:208,0
DA:214,0
DA:215,0
DA:216,0
DA:218,0
LF:69
LH:0
BRDA:16,0,0,0
BRDA:16,0,1,0
BRDA:21,1,0,0
BRDA:21,1,1,0
BRDA:22,2,0,0
BRDA:22,2,1,0
BRDA:26,3,0,0
BRDA:26,3,1,0
BRDA:28,4,0,0
BRDA:28,4,1,0
BRDA:29,5,0,0
BRDA:29,5,1,0
BRDA:37,6,0,0
BRDA:37,6,1,0
BRDA:41,7,0,0
BRDA:41,7,1,0
BRDA:41,8,0,0
BRDA:41,8,1,0
BRDA:47,9,0,0
BRDA:47,9,1,0
BRDA:57,10,0,0
BRDA:57,10,1,0
BRDA:63,11,0,0
BRDA:63,11,1,0
BRDA:65,12,0,0
BRDA:65,12,1,0
BRDA:73,13,0,0
BRDA:73,13,1,0
BRDA:92,14,0,0
BRDA:92,14,1,0
BRDA:100,15,0,0
BRDA:102,16,0,0
BRDA:102,16,1,0
BRDA:111,17,0,0
BRDA:111,17,1,0
BRDA:119,18,0,0
BRDA:119,18,1,0
BRDA:119,19,0,0
BRDA:119,19,1,0
BRDA:140,20,0,0
BRDA:150,21,0,0
BRDA:150,21,1,0
BRDA:151,22,0,0
BRDA:151,22,1,0
BRDA:175,23,0,0
BRDA:207,24,0,0
BRDA:207,24,1,0
BRDA:215,25,0,0
BRDA:215,25,1,0
BRF:49
BRH:0
end_of_record
TN:
SF:src/services/auth.service.js
FN:10,(anonymous_0)
FN:16,(anonymous_1)
FN:45,(anonymous_2)
FN:73,(anonymous_3)
FN:80,(anonymous_4)
FN:109,(anonymous_5)
FN:120,(anonymous_6)
FNF:7
FNH:0
FNDA:0,(anonymous_0)
FNDA:0,(anonymous_1)
FNDA:0,(anonymous_2)
FNDA:0,(anonymous_3)
FNDA:0,(anonymous_4)
FNDA:0,(anonymous_5)
FNDA:0,(anonymous_6)
DA:10,1
DA:17,0
DA:18,0
DA:19,0
DA:22,0
DA:28,0
DA:29,0
DA:30,0
DA:32,0
DA:33,0
DA:35,0
DA:46,0
DA:47,0
DA:48,0
DA:51,0
DA:52,0
DA:53,0
DA:56,0
DA:57,0
DA:58,0
DA:60,0
DA:61,0
DA:63,0
DA:74,0
DA:81,0
DA:82,0
DA:85,0
DA:86,0
DA:87,0
DA:89,0
DA:90,0
DA:93,0
DA:94,0
DA:95,0
DA:97,0
DA:98,0
DA:100,0
DA:110,0
DA:111,0
DA:112,0
DA:114,0
DA:121,0
DA:122,0
DA:123,0
DA:125,0
DA:130,0
DA:131,0
DA:134,0
LF:48
LH:1
BRDA:18,0,0,0
BRDA:18,0,1,0
BRDA:28,1,0,0
BRDA:28,1,1,0
BRDA:47,2,0,0
BRDA:47,2,1,0
BRDA:52,3,0,0
BRDA:52,3,1,0
BRDA:56,4,0,0
BRDA:56,4,1,0
BRDA:81,5,0,0
BRDA:81,5,1,0
BRDA:89,6,0,0
BRDA:89,6,1,0
BRDA:89,7,0,0
BRDA:89,7,1,0
BRDA:89,7,2,0
BRDA:89,7,3,0
BRDA:93,8,0,0
BRDA:93,8,1,0
BRDA:111,9,0,0
BRDA:111,9,1,0
BRDA:122,10,0,0
BRDA:122,10,1,0
BRDA:123,11,0,0
BRDA:123,11,1,0
BRDA:130,12,0,0
BRDA:130,12,1,0
BRF:28
BRH:0
end_of_record
TN:
SF:src/services/focus.service.js
FN:10,(anonymous_0)
FN:21,(anonymous_1)
FN:63,(anonymous_2)
FN:74,(anonymous_3)
FN:89,(anonymous_4)
FN:97,(anonymous_5)
FN:101,(anonymous_6)
FN:118,(anonymous_7)
FN:125,(anonymous_8)
FN:129,(anonymous_9)
FN:132,(anonymous_10)
FN:153,(anonymous_11)
FN:159,(anonymous_12)
FN:169,(anonymous_13)
FN:176,(anonymous_14)
FNF:15
FNH:0
FNDA:0,(anonymous_0)
FNDA:0,(anonymous_1)
FNDA:0,(anonymous_2)
FNDA:0,(anonymous_3)
FNDA:0,(anonymous_4)
FNDA:0,(anonymous_5)
FNDA:0,(anonymous_6)
FNDA:0,(anonymous_7)
FNDA:0,(anonymous_8)
FNDA:0,(anonymous_9)
FNDA:0,(anonymous_10)
FNDA:0,(anonymous_11)
FNDA:0,(anonymous_12)
FNDA:0,(anonymous_13)
FNDA:0,(anonymous_14)
DA:11,0
DA:22,0
DA:24,0
DA:25,0
DA:26,0
DA:27,0
DA:29,0
DA:31,0
DA:32,0
DA:33,0
DA:34,0
DA:36,0
DA:40,0
DA:41,0
DA:43,0
DA:44,0
DA:45,0
DA:46,0
DA:48,0
DA:52,0
DA:53,0
DA:54,0
DA:55,0
DA:57,0
DA:64,0
DA:65,0
DA:66,0
DA:68,0
DA:75,0
DA:80,0
DA:81,0
DA:83,0
DA:90,0
DA:91,0
DA:92,0
DA:98,0
DA:102,0
DA:103,0
DA:104,0
DA:107,0
DA:108,0
DA:109,0
DA:110,0
DA:111,0
DA:112,0
DA:114,0
DA:115,0
DA:119,0
DA:126,0
DA:127,0
DA:129,0
DA:130,0
DA:132,0
DA:133,0
DA:134,0
DA:136,0
DA:154,0
DA:155,0
DA:156,0
DA:157,0
DA:159,0
DA:160,0
DA:161,0
DA:170,0
DA:171,0
DA:172,0
DA:175,0
DA:176,0
DA:177,0
DA:178,0
DA:182,0
DA:192,0
DA:193,0
DA:195,0
LF:74
LH:0
BRDA:14,0,0,0
BRDA:14,0,1,0
BRDA:21,1,0,0
BRDA:24,2,0,0
BRDA:24,2,1,0
BRDA:24,3,0,0
BRDA:24,3,1,0
BRDA:26,4,0,0
BRDA:26,4,1,0
BRDA:31,5,0,0
BRDA:31,5,1,0
BRDA:32,6,0,0
BRDA:32,6,1,0
BRDA:33,7,0,0
BRDA:33,7,1,0
BRDA:40,8,0,0
BRDA:40,8,1,0
BRDA:41,9,0,0
BRDA:41,9,1,0
BRDA:43,10,0,0
BRDA:43,10,1,0
BRDA:43,11,0,0
BRDA:43,11,1,0
BRDA:45,12,0,0
BRDA:45,12,1,0
BRDA:52,13,0,0
BRDA:52,13,1,0
BRDA:53,14,0,0
BRDA:53,14,1,0
BRDA:54,15,0,0
BRDA:54,15,1,0
BRDA:65,16,0,0
BRDA:65,16,1,0
BRDA:74,17,0,0
BRDA:80,18,0,0
BRDA:80,18,1,0
BRDA:91,19,0,0
BRDA:91,19,1,0
BRDA:101,20,0,0
BRDA:103,21,0,0
BRDA:103,21,1,0
BRDA:108,22,0,0
BRDA:108,22,1,0
BRDA:109,23,0,0
BRDA:109,23,1,0
BRDA:110,24,0,0
BRDA:110,24,1,0
BRDA:111,25,0,0
BRDA:111,25,1,0
BRDA:118,26,0,0
BRDA:127,27,0,0
BRDA:127,27,1,0
BRDA:129,28,0,0
BRDA:129,28,1,0
BRDA:130,29,0,0
BRDA:130,29,1,0
BRDA:132,30,0,0
BRDA:132,30,1,0
BRDA:133,31,0,0
BRDA:133,31,1,0
BRDA:134,32,0,0
BRDA:134,32,1,0
BRDA:140,33,0,0
BRDA:140,33,1,0
BRDA:141,34,0,0
BRDA:141,34,1,0
BRDA:156,35,0,0
BRDA:156,35,1,0
BRDA:159,36,0,0
BRDA:159,36,1,0
BRDA:162,37,0,0
BRDA:162,37,1,0
BRDA:178,38,0,0
BRDA:178,38,1,0
BRDA:183,39,0,0
BRDA:183,39,1,0
BRDA:184,40,0,0
BRDA:184,40,1,0
BRDA:185,41,0,0
BRDA:185,41,1,0
BRDA:186,42,0,0
BRDA:186,42,1,0
BRDA:187,43,0,0
BRDA:187,43,1,0
BRDA:188,44,0,0
BRDA:188,44,1,0
BRDA:189,45,0,0
BRDA:189,45,1,0
BRDA:193,46,0,0
BRDA:193,46,1,0
BRF:90
BRH:0
end_of_record
TN:
SF:src/services/goal.service.js
FN:10,(anonymous_0)
FN:14,(anonymous_1)
FN:23,(anonymous_2)
FN:48,(anonymous_3)
FN:59,(anonymous_4)
FN:81,(anonymous_5)
FN:109,(anonymous_6)
FN:138,(anonymous_7)
FN:152,(anonymous_8)
FN:166,(anonymous_9)
FN:173,(anonymous_10)
FNF:11
FNH:6
FNDA:20,(anonymous_0)
FNDA:162,(anonymous_1)
FNDA:0,(anonymous_2)
FNDA:3,(anonymous_3)
FNDA:18,(anonymous_4)
FNDA:2,(anonymous_5)
FNDA:3,(anonymous_6)
FNDA:0,(anonymous_7)
FNDA:0,(anonymous_8)
FNDA:0,(anonymous_9)
FNDA:0,(anonymous_10)
DA:10,6
DA:11,20
DA:12,20
DA:13,20
DA:14,162
DA:15,20
DA:16,20
DA:24,0
DA:25,0
DA:26,0
DA:27,0
DA:28,0
DA:29,0
DA:30,0
DA:32,0
DA:36,0
DA:37,0
DA:38,0
DA:39,0
DA:41,0
DA:42,0
DA:49,3
DA:50,3
DA:51,2
DA:53,1
DA:60,18
DA:61,18
DA:62,18
DA:64,18
DA:65,0
DA:66,0
DA:67,18
DA:68,0
DA:71,18
DA:75,18
DA:82,2
DA:83,2
DA:84,0
DA:86,2
DA:87,0
DA:88,0
DA:89,2
DA:90,0
DA:91,2
DA:92,0
DA:95,2
DA:100,2
DA:101,1
DA:103,1
DA:110,3
DA:111,3
DA:112,0
DA:115,3
DA:116,3
DA:118,3
DA:121,3
DA:124,0
DA:125,0
DA:126,0
DA:128,0
DA:131,0
DA:139,0
DA:140,0
DA:141,0
DA:144,0
DA:145,0
DA:146,0
DA:149,0
DA:152,0
DA:153,0
DA:154,0
DA:155,0
DA:158,0
DA:160,0
DA:167,0
DA:168,0
DA:172,0
DA:173,0
DA:179,0
DA:180,0
DA:183,0
LF:81
LH:33
BRDA:11,0,0,0
BRDA:11,0,1,20
BRDA:12,1,0,20
BRDA:12,1,1,0
BRDA:13,2,0,20
BRDA:13,2,1,7
BRDA:14,3,0,20
BRDA:14,3,1,20
BRDA:15,4,0,13
BRDA:15,4,1,7
BRDA:15,5,0,0
BRDA:15,5,1,7
BRDA:23,6,0,0
BRDA:25,7,0,0
BRDA:25,7,1,0
BRDA:26,8,0,0
BRDA:26,8,1,0
BRDA:27,9,0,0
BRDA:27,9,1,0
BRDA:28,10,0,0
BRDA:28,10,1,0
BRDA:29,11,0,0
BRDA:29,11,1,0
BRDA:36,12,0,0
BRDA:36,12,1,0
BRDA:37,13,0,0
BRDA:37,13,1,0
BRDA:38,14,0,0
BRDA:38,14,1,0
BRDA:50,15,0,2
BRDA:50,15,1,1
BRDA:61,16,0,18
BRDA:61,16,1,0
BRDA:61,17,0,18
BRDA:61,17,1,18
BRDA:64,18,0,0
BRDA:64,18,1,18
BRDA:64,19,0,18
BRDA:64,19,1,18
BRDA:64,19,2,18
BRDA:67,20,0,0
BRDA:67,20,1,18
BRDA:83,21,0,0
BRDA:83,21,1,2
BRDA:83,22,0,2
BRDA:83,22,1,0
BRDA:86,23,0,0
BRDA:86,23,1,2
BRDA:86,24,0,2
BRDA:86,24,1,2
BRDA:86,24,2,2
BRDA:89,25,0,0
BRDA:89,25,1,2
BRDA:91,26,0,0
BRDA:91,26,1,2
BRDA:91,27,0,2
BRDA:91,27,1,2
BRDA:92,28,0,0
BRDA:92,28,1,0
BRDA:100,29,0,1
BRDA:100,29,1,1
BRDA:111,30,0,0
BRDA:111,30,1,3
BRDA:124,31,0,0
BRDA:124,31,1,0
BRDA:124,32,0,0
BRDA:124,32,1,0
BRDA:140,33,0,0
BRDA:140,33,1,0
BRDA:145,34,0,0
BRDA:145,34,1,0
BRDA:149,35,0,0
BRDA:149,35,1,0
BRDA:152,36,0,0
BRDA:152,36,1,0
BRDA:153,37,0,0
BRDA:153,37,1,0
BRDA:167,38,0,0
BRDA:167,38,1,0
BRDA:176,39,0,0
BRDA:176,39,1,0
BRDA:176,40,0,0
BRDA:176,40,1,0
BRDA:176,40,2,0
BRDA:176,41,0,0
BRDA:176,41,1,0
BRDA:179,42,0,0
BRDA:179,42,1,0
BRF:88
BRH:32
end_of_record
TN:
SF:src/services/goalSync.service.js
FN:19,(anonymous_0)
FN:60,(anonymous_1)
FN:106,(anonymous_2)
FN:149,(anonymous_3)
FN:172,(anonymous_4)
FN:196,(anonymous_5)
FN:218,(anonymous_6)
FN:256,(anonymous_7)
FN:259,(anonymous_8)
FNF:9
FNH:8
FNDA:11,(anonymous_0)
FNDA:6,(anonymous_1)
FNDA:4,(anonymous_2)
FNDA:1,(anonymous_3)
FNDA:1,(anonymous_4)
FNDA:1,(anonymous_5)
FNDA:0,(anonymous_6)
FNDA:10,(anonymous_7)
FNDA:11,(anonymous_8)
DA:21,11
DA:22,11
DA:23,1
DA:27,10
DA:28,10
DA:29,0
DA:33,10
DA:34,1
DA:37,9
DA:39,1
DA:43,8
DA:44,8
DA:45,8
DA:48,8
DA:49,8
DA:62,6
DA:63,6
DA:64,0
DA:68,6
DA:69,6
DA:70,0
DA:74,6
DA:75,0
DA:79,6
DA:80,1
DA:84,5
DA:85,5
DA:86,5
DA:89,5
DA:92,5
DA:93,5
DA:96,0
DA:108,4
DA:109,4
DA:110,0
DA:114,4
DA:115,4
DA:116,0
DA:120,4
DA:121,1
DA:124,3
DA:126,0
DA:130,3
DA:131,3
DA:134,3
DA:137,3
DA:138,3
DA:150,1
DA:151,1
DA:153,1
DA:154,1
DA:156,1
DA:157,1
DA:159,1
DA:160,1
DA:161,1
DA:173,1
DA:174,1
DA:176,1
DA:177,1
DA:179,1
DA:180,1
DA:182,1
DA:183,1
DA:184,1
DA:197,1
DA:198,1
DA:200,1
DA:201,1
DA:203,1
DA:204,1
DA:207,1
DA:208,1
DA:220,0
DA:221,0
DA:222,0
DA:226,0
DA:227,0
DA:228,0
DA:233,0
DA:234,0
DA:239,0
DA:240,0
DA:246,0
DA:247,0
DA:257,10
DA:258,10
DA:259,11
DA:260,10
DA:262,0
LF:90
LH:69
BRDA:22,0,0,1
BRDA:22,0,1,10
BRDA:28,1,0,0
BRDA:28,1,1,10
BRDA:33,2,0,1
BRDA:33,2,1,9
BRDA:37,3,0,1
BRDA:37,3,1,8
BRDA:43,4,0,8
BRDA:43,4,1,0
BRDA:43,5,0,8
BRDA:43,5,1,0
BRDA:63,6,0,0
BRDA:63,6,1,6
BRDA:69,7,0,0
BRDA:69,7,1,6
BRDA:74,8,0,0
BRDA:74,8,1,6
BRDA:74,9,0,6
BRDA:74,9,1,0
BRDA:79,10,0,1
BRDA:79,10,1,5
BRDA:79,11,0,6
BRDA:79,11,1,5
BRDA:84,12,0,5
BRDA:84,12,1,0
BRDA:109,13,0,0
BRDA:109,13,1,4
BRDA:115,14,0,0
BRDA:115,14,1,4
BRDA:120,15,0,1
BRDA:120,15,1,3
BRDA:120,16,0,4
BRDA:120,16,1,3
BRDA:124,17,0,0
BRDA:124,17,1,3
BRDA:124,18,0,3
BRDA:124,18,1,0
BRDA:151,19,0,0
BRDA:151,19,1,1
BRDA:154,20,0,0
BRDA:154,20,1,1
BRDA:174,21,0,0
BRDA:174,21,1,1
BRDA:177,22,0,0
BRDA:177,22,1,1
BRDA:196,23,0,0
BRDA:198,24,0,0
BRDA:198,24,1,1
BRDA:201,25,0,0
BRDA:201,25,1,1
BRDA:203,26,0,1
BRDA:203,26,1,0
BRDA:218,27,0,0
BRDA:221,28,0,0
BRDA:221,28,1,0
BRDA:227,29,0,0
BRDA:227,29,1,0
BRDA:233,30,0,0
BRDA:233,30,1,0
BRDA:233,31,0,0
BRDA:233,31,1,0
BRDA:239,32,0,0
BRDA:239,32,1,0
BRDA:258,33,0,10
BRDA:258,33,1,0
BRF:66
BRH:34
end_of_record
TN:
SF:src/services/planner.service.js
FN:10,(anonymous_0)
FN:28,(anonymous_1)
FN:59,(anonymous_2)
FN:69,(anonymous_3)
FN:72,(anonymous_4)
FN:83,(anonymous_5)
FN:96,(anonymous_6)
FN:98,(anonymous_7)
FN:109,(anonymous_8)
FN:118,(anonymous_9)
FN:124,(anonymous_10)
FN:126,(anonymous_11)
FN:139,(anonymous_12)
FN:155,(anonymous_13)
FN:156,(anonymous_14)
FN:176,(anonymous_15)
FN:193,(anonymous_16)
FN:239,(anonymous_17)
FN:252,(anonymous_18)
FN:283,(anonymous_19)
FN:293,(anonymous_20)
FN:305,(anonymous_21)
FN:348,(anonymous_22)
FN:410,(anonymous_23)
FN:470,(anonymous_24)
FN:498,(anonymous_25)
FN:506,(anonymous_26)
FN:509,(anonymous_27)
FN:541,(anonymous_28)
FN:567,(anonymous_29)
FN:575,(anonymous_30)
FN:588,(anonymous_31)
FN:604,(anonymous_32)
FN:748,(anonymous_33)
FN:749,(anonymous_34)
FN:755,(anonymous_35)
FNF:36
FNH:18
FNDA:33,(anonymous_0)
FNDA:2,(anonymous_1)
FNDA:0,(anonymous_2)
FNDA:2,(anonymous_3)
FNDA:0,(anonymous_4)
FNDA:0,(anonymous_5)
FNDA:0,(anonymous_6)
FNDA:0,(anonymous_7)
FNDA:0,(anonymous_8)
FNDA:0,(anonymous_9)
FNDA:0,(anonymous_10)
FNDA:0,(anonymous_11)
FNDA:0,(anonymous_12)
FNDA:0,(anonymous_13)
FNDA:0,(anonymous_14)
FNDA:24,(anonymous_15)
FNDA:8,(anonymous_16)
FNDA:10,(anonymous_17)
FNDA:5,(anonymous_18)
FNDA:3,(anonymous_19)
FNDA:0,(anonymous_20)
FNDA:0,(anonymous_21)
FNDA:0,(anonymous_22)
FNDA:10,(anonymous_23)
FNDA:0,(anonymous_24)
FNDA:0,(anonymous_25)
FNDA:5,(anonymous_26)
FNDA:4,(anonymous_27)
FNDA:7,(anonymous_28)
FNDA:1,(anonymous_29)
FNDA:0,(anonymous_30)
FNDA:1,(anonymous_31)
FNDA:2,(anonymous_32)
FNDA:501,(anonymous_33)
FNDA:499,(anonymous_34)
FNDA:15,(anonymous_35)
DA:10,7
DA:11,33
DA:12,33
DA:13,33
DA:15,0
DA:17,33
DA:29,2
DA:30,2
DA:33,0
DA:34,0
DA:35,0
DA:36,0
DA:37,0
DA:39,0
DA:43,0
DA:44,0
DA:47,0
DA:49,0
DA:50,0
DA:51,0
DA:52,0
DA:54,0
DA:60,0
DA:61,0
DA:62,0
DA:64,0
DA:70,2
DA:73,0
DA:74,0
DA:75,0
DA:77,0
DA:78,0
DA:84,0
DA:85,0
DA:86,0
DA:87,0
DA:88,0
DA:89,0
DA:91,0
DA:97,0
DA:98,0
DA:110,0
DA:111,0
DA:113,0
DA:118,0
DA:119,0
DA:121,0
DA:122,0
DA:123,0
DA:124,0
DA:125,0
DA:126,0
DA:129,0
DA:140,0
DA:141,0
DA:142,0
DA:143,0
DA:144,0
DA:146,0
DA:147,0
DA:149,0
DA:150,0
DA:152,0
DA:153,0
DA:154,0
DA:155,0
DA:156,0
DA:158,0
DA:168,0
DA:177,24
DA:178,7
DA:179,7
DA:180,7
DA:182,24
DA:183,7
DA:185,24
DA:194,8
DA:197,8
DA:198,8
DA:199,1
DA:202,7
DA:203,7
DA:204,0
DA:208,7
DA:209,7
DA:210,0
DA:214,7
DA:217,7
DA:226,7
DA:229,7
DA:230,7
DA:233,0
DA:234,0
DA:237,7
DA:240,10
DA:241,10
DA:242,10
DA:244,10
DA:245,0
DA:246,10
DA:247,0
DA:249,10
DA:253,5
DA:254,5
DA:255,5
DA:258,5
DA:259,5
DA:261,5
DA:262,3
DA:263,3
DA:266,5
DA:267,5
DA:268,0
DA:269,5
DA:270,0
DA:272,5
DA:275,1
DA:276,1
DA:284,3
DA:285,3
DA:286,2
DA:288,3
DA:294,0
DA:295,0
DA:306,0
DA:307,0
DA:308,0
DA:311,0
DA:312,0
DA:313,0
DA:314,0
DA:316,0
DA:317,0
DA:318,0
DA:320,0
DA:321,0
DA:323,0
DA:324,0
DA:326,0
DA:327,0
DA:328,0
DA:329,0
DA:330,0
DA:332,0
DA:333,0
DA:344,0
DA:345,0
DA:349,0
DA:350,0
DA:352,0
DA:353,0
DA:354,0
DA:355,0
DA:356,0
DA:357,0
DA:358,0
DA:360,0
DA:361,0
DA:362,0
DA:364,0
DA:365,0
DA:366,0
DA:367,0
DA:368,0
DA:370,0
DA:371,0
DA:372,0
DA:373,0
DA:375,0
DA:377,0
DA:378,0
DA:379,0
DA:380,0
DA:381,0
DA:382,0
DA:385,0
DA:398,0
DA:407,0
DA:408,0
DA:411,10
DA:412,10
DA:414,8
DA:415,8
DA:416,8
DA:417,8
DA:418,8
DA:419,0
DA:422,8
DA:423,0
DA:424,0
DA:425,0
DA:426,0
DA:427,0
DA:428,0
DA:429,0
DA:430,0
DA:433,8
DA:434,8
DA:436,8
DA:437,0
DA:438,0
DA:439,0
DA:440,0
DA:445,8
DA:446,1
DA:454,8
DA:459,7
DA:460,0
DA:463,7
DA:464,6
DA:471,0
DA:472,0
DA:473,0
DA:476,0
DA:477,0
DA:478,0
DA:480,0
DA:481,0
DA:482,0
DA:483,0
DA:499,0
DA:500,0
DA:501,0
DA:502,0
DA:503,0
DA:508,5
DA:509,5
DA:511,5
DA:512,5
DA:513,1
DA:516,4
DA:517,4
DA:518,4
DA:519,4
DA:520,4
DA:522,4
DA:524,4
DA:542,7
DA:544,6
DA:545,6
DA:547,6
DA:548,6
DA:549,6
DA:551,1
DA:552,1
DA:554,0
DA:555,0
DA:556,0
DA:558,0
DA:559,0
DA:568,1
DA:569,1
DA:570,1
DA:572,0
DA:576,0
DA:577,0
DA:578,0
DA:580,0
DA:581,0
DA:582,0
DA:585,0
DA:589,1
DA:590,0
DA:591,0
DA:593,0
DA:605,2
DA:606,2
DA:608,2
DA:609,2
DA:610,0
DA:611,0
DA:613,2
DA:614,0
DA:616,2
DA:617,0
DA:621,2
DA:627,2
DA:630,2
DA:631,2
DA:632,2
DA:633,0
DA:634,0
DA:635,0
DA:640,2
DA:647,2
DA:648,2
DA:649,2
DA:650,501
DA:651,501
DA:652,501
DA:657,2
DA:658,0
DA:659,0
DA:660,0
DA:661,0
DA:662,0
DA:663,0
DA:664,0
DA:666,0
DA:667,0
DA:668,0
DA:669,0
DA:671,0
DA:672,0
DA:673,0
DA:675,0
DA:676,0
DA:677,0
DA:679,0
DA:680,0
DA:681,0
DA:683,0
DA:684,0
DA:685,0
DA:686,0
DA:687,0
DA:688,0
DA:689,0
DA:690,0
DA:691,0
DA:692,0
DA:694,0
DA:697,0
DA:698,0
DA:699,0
DA:702,0
DA:703,0
DA:704,0
DA:705,0
DA:706,0
DA:708,0
DA:709,0
DA:710,0
DA:711,0
DA:712,0
DA:713,0
DA:714,0
DA:715,0
DA:716,0
DA:717,0
DA:718,0
DA:719,0
DA:720,0
DA:722,0
DA:725,0
DA:726,0
DA:727,0
DA:728,0
DA:729,0
DA:730,0
DA:731,0
DA:732,0
DA:733,0
DA:734,0
DA:735,0
DA:736,0
DA:737,0
DA:744,0
DA:748,501
DA:749,499
DA:750,2
DA:756,15
LF:362
LH:117
BRDA:12,0,0,33
BRDA:12,0,1,0
BRDA:28,1,0,0
BRDA:29,2,0,2
BRDA:29,2,1,0
BRDA:29,3,0,2
BRDA:29,3,1,2
BRDA:34,4,0,0
BRDA:34,4,1,0
BRDA:34,5,0,0
BRDA:34,5,1,0
BRDA:34,5,2,0
BRDA:36,6,0,0
BRDA:36,6,1,0
BRDA:43,7,0,0
BRDA:43,7,1,0
BRDA:44,8,0,0
BRDA:44,8,1,0
BRDA:47,9,0,0
BRDA:47,9,1,0
BRDA:49,10,0,0
BRDA:49,10,1,0
BRDA:50,11,0,0
BRDA:50,11,1,0
BRDA:51,12,0,0
BRDA:51,12,1,0
BRDA:61,13,0,0
BRDA:61,13,1,0
BRDA:84,14,0,0
BRDA:84,14,1,0
BRDA:84,15,0,0
BRDA:84,15,1,0
BRDA:84,15,2,0
BRDA:101,16,0,0
BRDA:101,16,1,0
BRDA:102,17,0,0
BRDA:102,17,1,0
BRDA:118,18,0,0
BRDA:118,18,1,0
BRDA:125,19,0,0
BRDA:125,19,1,0
BRDA:126,20,0,0
BRDA:126,20,1,0
BRDA:155,21,0,0
BRDA:155,21,1,0
BRDA:156,22,0,0
BRDA:156,22,1,0
BRDA:161,23,0,0
BRDA:161,23,1,0
BRDA:164,24,0,0
BRDA:164,24,1,0
BRDA:177,25,0,7
BRDA:177,25,1,17
BRDA:177,26,0,24
BRDA:177,26,1,7
BRDA:180,27,0,7
BRDA:180,27,1,7
BRDA:182,28,0,7
BRDA:182,28,1,17
BRDA:182,29,0,24
BRDA:182,29,1,7
BRDA:198,30,0,1
BRDA:198,30,1,7
BRDA:203,31,0,0
BRDA:203,31,1,7
BRDA:209,32,0,0
BRDA:209,32,1,7
BRDA:240,33,0,10
BRDA:240,33,1,10
BRDA:242,34,0,10
BRDA:242,34,1,9
BRDA:244,35,0,0
BRDA:244,35,1,10
BRDA:244,36,0,10
BRDA:244,36,1,0
BRDA:244,36,2,0
BRDA:246,37,0,0
BRDA:246,37,1,10
BRDA:246,38,0,10
BRDA:246,38,1,0
BRDA:246,38,2,0
BRDA:252,39,0,0
BRDA:253,40,0,5
BRDA:253,40,1,5
BRDA:255,41,0,5
BRDA:255,41,1,0
BRDA:261,42,0,3
BRDA:261,42,1,2
BRDA:261,43,0,5
BRDA:261,43,1,4
BRDA:261,43,2,3
BRDA:267,44,0,0
BRDA:267,44,1,5
BRDA:267,45,0,5
BRDA:267,45,1,3
BRDA:267,45,2,3
BRDA:269,46,0,0
BRDA:269,46,1,5
BRDA:269,47,0,5
BRDA:269,47,1,0
BRDA:269,47,2,0
BRDA:285,48,0,2
BRDA:285,48,1,1
BRDA:294,49,0,0
BRDA:294,49,1,0
BRDA:294,50,0,0
BRDA:294,50,1,0
BRDA:307,51,0,0
BRDA:307,51,1,0
BRDA:307,52,0,0
BRDA:307,52,1,0
BRDA:311,53,0,0
BRDA:311,53,1,0
BRDA:324,54,0,0
BRDA:324,54,1,0
BRDA:332,55,0,0
BRDA:332,55,1,0
BRDA:340,56,0,0
BRDA:340,56,1,0
BRDA:350,57,0,0
BRDA:350,57,1,0
BRDA:361,58,0,0
BRDA:361,58,1,0
BRDA:371,59,0,0
BRDA:371,59,1,0
BRDA:375,60,0,0
BRDA:375,60,1,0
BRDA:381,61,0,0
BRDA:381,61,1,0
BRDA:381,62,0,0
BRDA:381,62,1,0
BRDA:395,63,0,0
BRDA:395,63,1,0
BRDA:395,63,2,0
BRDA:402,64,0,0
BRDA:402,64,1,0
BRDA:402,65,0,0
BRDA:402,65,1,0
BRDA:402,65,2,0
BRDA:412,66,0,2
BRDA:412,66,1,8
BRDA:418,67,0,0
BRDA:418,67,1,8
BRDA:418,68,0,8
BRDA:418,68,1,0
BRDA:422,69,0,0
BRDA:422,69,1,8
BRDA:422,70,0,8
BRDA:422,70,1,1
BRDA:422,70,2,0
BRDA:422,70,3,0
BRDA:436,71,0,0
BRDA:436,71,1,8
BRDA:445,72,0,1
BRDA:445,72,1,7
BRDA:459,73,0,0
BRDA:459,73,1,7
BRDA:472,74,0,0
BRDA:472,74,1,0
BRDA:472,75,0,0
BRDA:472,75,1,0
BRDA:476,76,0,0
BRDA:476,76,1,0
BRDA:481,77,0,0
BRDA:481,77,1,0
BRDA:482,78,0,0
BRDA:482,78,1,0
BRDA:485,79,0,0
BRDA:485,79,1,0
BRDA:492,80,0,0
BRDA:492,80,1,0
BRDA:500,81,0,0
BRDA:500,81,1,0
BRDA:502,82,0,0
BRDA:502,82,1,0
BRDA:509,83,0,5
BRDA:509,83,1,3
BRDA:509,84,0,4
BRDA:509,84,1,4
BRDA:512,85,0,1
BRDA:512,85,1,4
BRDA:517,86,0,4
BRDA:517,86,1,0
BRDA:518,87,0,2
BRDA:518,87,1,2
BRDA:519,88,0,2
BRDA:519,88,1,2
BRDA:520,89,0,4
BRDA:520,89,1,0
BRDA:541,90,0,0
BRDA:542,91,0,1
BRDA:542,91,1,6
BRDA:542,92,0,7
BRDA:542,92,1,6
BRDA:544,93,0,6
BRDA:544,93,1,0
BRDA:544,93,2,6
BRDA:545,94,0,6
BRDA:545,94,1,6
BRDA:547,95,0,6
BRDA:547,95,1,0
BRDA:554,96,0,0
BRDA:554,96,1,0
BRDA:577,97,0,0
BRDA:577,97,1,0
BRDA:589,98,0,0
BRDA:589,98,1,1
BRDA:589,99,0,1
BRDA:589,99,1,0
BRDA:589,99,2,0
BRDA:589,99,3,0
BRDA:604,100,0,0
BRDA:609,101,0,0
BRDA:609,101,1,2
BRDA:609,102,0,2
BRDA:609,102,1,0
BRDA:611,103,0,0
BRDA:611,103,1,0
BRDA:613,104,0,0
BRDA:613,104,1,2
BRDA:614,105,0,0
BRDA:614,105,1,0
BRDA:616,106,0,0
BRDA:616,106,1,2
BRDA:633,107,0,0
BRDA:633,107,1,0
BRDA:634,108,0,0
BRDA:634,108,1,0
BRDA:635,109,0,0
BRDA:635,109,1,0
BRDA:650,110,0,501
BRDA:650,110,1,0
BRDA:650,111,0,501
BRDA:650,111,1,501
BRDA:650,111,2,501
BRDA:651,112,0,501
BRDA:651,112,1,0
BRDA:652,113,0,501
BRDA:652,113,1,0
BRDA:659,114,0,0
BRDA:659,114,1,0
BRDA:660,115,0,0
BRDA:660,115,1,0
BRDA:661,116,0,0
BRDA:661,116,1,0
BRDA:662,117,0,0
BRDA:662,117,1,0
BRDA:662,117,2,0
BRDA:663,118,0,0
BRDA:663,118,1,0
BRDA:663,119,0,0
BRDA:663,119,1,0
BRDA:664,120,0,0
BRDA:664,120,1,0
BRDA:675,121,0,0
BRDA:675,121,1,0
BRDA:676,122,0,0
BRDA:676,122,1,0
BRDA:676,123,0,0
BRDA:676,123,1,0
BRDA:677,124,0,0
BRDA:677,124,1,0
BRDA:677,125,0,0
BRDA:677,125,1,0
BRDA:680,126,0,0
BRDA:680,126,1,0
BRDA:683,127,0,0
BRDA:683,127,1,0
BRDA:686,128,0,0
BRDA:686,128,1,0
BRDA:687,129,0,0
BRDA:687,129,1,0
BRDA:688,130,0,0
BRDA:688,130,1,0
BRDA:688,131,0,0
BRDA:688,131,1,0
BRDA:690,132,0,0
BRDA:690,132,1,0
BRDA:691,133,0,0
BRDA:691,133,1,0
BRDA:692,134,0,0
BRDA:692,134,1,0
BRDA:697,135,0,0
BRDA:697,135,1,0
BRDA:699,136,0,0
BRDA:699,136,1,0
BRDA:702,137,0,0
BRDA:702,137,1,0
BRDA:708,138,0,0
BRDA:708,138,1,0
BRDA:708,139,0,0
BRDA:708,139,1,0
BRDA:709,140,0,0
BRDA:709,140,1,0
BRDA:710,141,0,0
BRDA:710,141,1,0
BRDA:713,142,0,0
BRDA:713,142,1,0
BRDA:714,143,0,0
BRDA:714,143,1,0
BRDA:714,143,2,0
BRDA:714,144,0,0
BRDA:714,144,1,0
BRDA:715,145,0,0
BRDA:715,145,1,0
BRDA:716,146,0,0
BRDA:716,146,1,0
BRDA:717,147,0,0
BRDA:717,147,1,0
BRDA:730,148,0,0
BRDA:730,148,1,0
BRF:311
BRH:86
end_of_record
TN:
SF:src/services/task.service.js
FN:9,(anonymous_0)
FN:52,(anonymous_1)
FN:63,(anonymous_2)
FN:73,(anonymous_3)
FN:88,(anonymous_4)
FNF:5
FNH:0
FNDA:0,(anonymous_0)
FNDA:0,(anonymous_1)
FNDA:0,(anonymous_2)
FNDA:0,(anonymous_3)
FNDA:0,(anonymous_4)
DA:10,0
DA:12,0
DA:13,0
DA:14,0
DA:15,0
DA:17,0
DA:21,0
DA:22,0
DA:23,0
DA:24,0
DA:25,0
DA:29,0
DA:30,0
DA:31,0
DA:32,0
DA:34,0
DA:38,0
DA:39,0
DA:41,0
DA:42,0
DA:43,0
DA:44,0
DA:46,0
DA:53,0
DA:54,0
DA:55,0
DA:57,0
DA:64,0
DA:74,0
DA:79,0
DA:80,0
DA:82,0
DA:89,0
DA:90,0
DA:91,0
LF:35
LH:0
BRDA:9,0,0,0
BRDA:12,1,0,0
BRDA:12,1,1,0
BRDA:12,2,0,0
BRDA:12,2,1,0
BRDA:14,3,0,0
BRDA:14,3,1,0
BRDA:21,4,0,0
BRDA:21,4,1,0
BRDA:22,5,0,0
BRDA:22,5,1,0
BRDA:22,6,0,0
BRDA:22,6,1,0
BRDA:24,7,0,0
BRDA:24,7,1,0
BRDA:24,8,0,0
BRDA:24,8,1,0
BRDA:29,9,0,0
BRDA:29,9,1,0
BRDA:29,10,0,0
BRDA:29,10,1,0
BRDA:31,11,0,0
BRDA:31,11,1,0
BRDA:38,12,0,0
BRDA:38,12,1,0
BRDA:39,13,0,0
BRDA:39,13,1,0
BRDA:41,14,0,0
BRDA:41,14,1,0
BRDA:42,15,0,0
BRDA:42,15,1,0
BRDA:43,16,0,0
BRDA:43,16,1,0
BRDA:54,17,0,0
BRDA:54,17,1,0
BRDA:79,18,0,0
BRDA:79,18,1,0
BRDA:90,19,0,0
BRDA:90,19,1,0
BRF:39
BRH:0
end_of_record
